#
# There is insufficient memory for the Java Runtime Environment to continue.
# Native memory allocation (malloc) failed to allocate 1858576 bytes. Error detail: Chunk::new
# Possible reasons:
#   The system is out of physical RAM or swap space
#   This process is running with CompressedOops enabled, and the Java Heap may be blocking the growth of the native heap
# Possible solutions:
#   Reduce memory load on the system
#   Increase physical memory or swap space
#   Check if swap backing store is full
#   Decrease Java heap size (-Xmx/-Xms)
#   Decrease number of Java threads
#   Decrease Java thread stack sizes (-Xss)
#   Set larger code cache with -XX:ReservedCodeCacheSize=
#   JVM is running with Unscaled Compressed Oops mode in which the Java heap is
#     placed in the first 4GB address space. The Java Heap base address is the
#     maximum limit for the native heap growth. Please use -XX:HeapBaseMinAddress
#     to set the Java Heap base and to place the Java Heap above 4GB virtual address.
# This output file may be truncated or incomplete.
#
#  Out of Memory Error (arena.cpp:191), pid=18684, tid=12916
#
# JRE version: OpenJDK Runtime Environment (17.0.11) (build 17.0.11+0--11852314)
# Java VM: OpenJDK 64-Bit Server VM (17.0.11+0--11852314, mixed mode, tiered, compressed oops, compressed class ptrs, g1 gc, windows-amd64)
# No core dump will be written. Minidumps are not enabled by default on client versions of Windows
#

---------------  S U M M A R Y ------------

Command Line: org.jetbrains.kotlin.cli.jvm.K2JVMCompiler @C:\Users\44782\AndroidStudioProjects\MECCA - 15-10-24\app\build\20241110_17503919326270936997.compiler.options

Host: Intel(R) Core(TM) i5-8250U CPU @ 1.60GHz, 8 cores, 7G,  Windows 11 , 64 bit Build 22621 (10.0.22621.3958)
Time: Sun Nov 10 19:32:28 2024 GMT Standard Time elapsed time: 17.120736 seconds (0d 0h 0m 17s)

---------------  T H R E A D  ---------------

Current thread (0x00000275232911e0):  JavaThread "C2 CompilerThread2" daemon [_thread_in_native, id=12916, stack(0x00000098cc000000,0x00000098cc100000)]


Current CompileTask:
C2:  17120 9459       4       org.jetbrains.kotlin.resolve.lazy.ForceResolveUtil::doForceResolveAllContents (222 bytes)

Stack: [0x00000098cc000000,0x00000098cc100000]
Native frames: (J=compiled Java code, j=interpreted, Vv=VM code, C=native code)
V  [jvm.dll+0x687bb9]
V  [jvm.dll+0x84142a]
V  [jvm.dll+0x8430ae]
V  [jvm.dll+0x843713]
V  [jvm.dll+0x24a35f]
V  [jvm.dll+0xac544]
V  [jvm.dll+0xacb8c]
V  [jvm.dll+0x369c37]
V  [jvm.dll+0x33416a]
V  [jvm.dll+0x33360a]
V  [jvm.dll+0x21bed1]
V  [jvm.dll+0x21b311]
V  [jvm.dll+0x1a63ed]
V  [jvm.dll+0x22b1ee]
V  [jvm.dll+0x229375]
V  [jvm.dll+0x7f5647]
V  [jvm.dll+0x7efa4a]
V  [jvm.dll+0x686a35]
C  [ucrtbase.dll+0x29333]
C  [KERNEL32.DLL+0x1257d]
C  [ntdll.dll+0x5af08]


---------------  P R O C E S S  ---------------

Threads class SMR info:
_java_thread_list=0x000002752289ded0, length=14, elements={
0x0000027502e7e7b0, 0x000002751cc12530, 0x000002751cc16240, 0x00000275210367f0,
0x000002752105c3c0, 0x000002752105d920, 0x00000275210548e0, 0x00000275210554e0,
0x0000027521057760, 0x0000027521069a90, 0x00000275211cdf70, 0x00000275211e3b20,
0x00000275225e9fd0, 0x00000275232911e0
}

Java Threads: ( => current thread )
  0x0000027502e7e7b0 JavaThread "main" [_thread_in_Java, id=11592, stack(0x00000098ca400000,0x00000098ca500000)]
  0x000002751cc12530 JavaThread "Reference Handler" daemon [_thread_blocked, id=10948, stack(0x00000098cab00000,0x00000098cac00000)]
  0x000002751cc16240 JavaThread "Finalizer" daemon [_thread_blocked, id=1900, stack(0x00000098cac00000,0x00000098cad00000)]
  0x00000275210367f0 JavaThread "Signal Dispatcher" daemon [_thread_blocked, id=4568, stack(0x00000098cad00000,0x00000098cae00000)]
  0x000002752105c3c0 JavaThread "Attach Listener" daemon [_thread_blocked, id=4692, stack(0x00000098cae00000,0x00000098caf00000)]
  0x000002752105d920 JavaThread "Service Thread" daemon [_thread_blocked, id=664, stack(0x00000098caf00000,0x00000098cb000000)]
  0x00000275210548e0 JavaThread "Monitor Deflation Thread" daemon [_thread_blocked, id=17440, stack(0x00000098cb000000,0x00000098cb100000)]
  0x00000275210554e0 JavaThread "C2 CompilerThread0" daemon [_thread_in_native, id=3932, stack(0x00000098cb100000,0x00000098cb200000)]
  0x0000027521057760 JavaThread "C1 CompilerThread0" daemon [_thread_in_native, id=22836, stack(0x00000098cb200000,0x00000098cb300000)]
  0x0000027521069a90 JavaThread "Sweeper thread" daemon [_thread_blocked, id=2844, stack(0x00000098cb300000,0x00000098cb400000)]
  0x00000275211cdf70 JavaThread "Notification Thread" daemon [_thread_blocked, id=16308, stack(0x00000098cb400000,0x00000098cb500000)]
  0x00000275211e3b20 JavaThread "Common-Cleaner" daemon [_thread_blocked, id=10860, stack(0x00000098cb600000,0x00000098cb700000)]
  0x00000275225e9fd0 JavaThread "C2 CompilerThread1" daemon [_thread_in_native, id=11584, stack(0x00000098cbf00000,0x00000098cc000000)]
=>0x00000275232911e0 JavaThread "C2 CompilerThread2" daemon [_thread_in_native, id=12916, stack(0x00000098cc000000,0x00000098cc100000)]

Other Threads:
  0x000002751cc0c050 VMThread "VM Thread" [stack: 0x00000098caa00000,0x00000098cab00000] [id=8812]
  0x0000027521122890 WatcherThread [stack: 0x00000098cb500000,0x00000098cb600000] [id=2340]
  0x0000027502ed9b80 GCTaskThread "GC Thread#0" [stack: 0x00000098ca500000,0x00000098ca600000] [id=15556]
  0x0000027521634150 GCTaskThread "GC Thread#1" [stack: 0x00000098cb800000,0x00000098cb900000] [id=18768]
  0x00000275216f2170 GCTaskThread "GC Thread#2" [stack: 0x00000098cb900000,0x00000098cba00000] [id=6624]
  0x00000275217a4930 GCTaskThread "GC Thread#3" [stack: 0x00000098cba00000,0x00000098cbb00000] [id=13320]
  0x00000275217a4bf0 GCTaskThread "GC Thread#4" [stack: 0x00000098cbb00000,0x00000098cbc00000] [id=18688]
  0x0000027521e91860 GCTaskThread "GC Thread#5" [stack: 0x00000098cb700000,0x00000098cb800000] [id=18544]
  0x0000027521c4d450 GCTaskThread "GC Thread#6" [stack: 0x00000098cbc00000,0x00000098cbd00000] [id=6920]
  0x0000027522294080 GCTaskThread "GC Thread#7" [stack: 0x00000098cbd00000,0x00000098cbe00000] [id=17232]
  0x0000027502eeb760 ConcurrentGCThread "G1 Main Marker" [stack: 0x00000098ca600000,0x00000098ca700000] [id=13280]
  0x0000027502eec920 ConcurrentGCThread "G1 Conc#0" [stack: 0x00000098ca700000,0x00000098ca800000] [id=17160]
  0x0000027521ed6ab0 ConcurrentGCThread "G1 Conc#1" [stack: 0x00000098cbe00000,0x00000098cbf00000] [id=24396]
  0x000002751ca640e0 ConcurrentGCThread "G1 Refine#0" [stack: 0x00000098ca800000,0x00000098ca900000] [id=9196]
  0x0000027523668a20 ConcurrentGCThread "G1 Refine#1" [stack: 0x00000098cc100000,0x00000098cc200000] [id=4632]
  0x000002751ca64920 ConcurrentGCThread "G1 Service" [stack: 0x00000098ca900000,0x00000098caa00000] [id=2304]

Threads with active compile tasks:
C2 CompilerThread0    17167 9528       4       org.jetbrains.kotlin.cli.jvm.index.JvmDependenciesIndexImpl::travelPath (157 bytes)
C1 CompilerThread0    17168 9737       3       org.jetbrains.kotlin.load.java.typeEnhancement.JavaTypeEnhancement::enhanceInflexible (1024 bytes)
C2 CompilerThread1    17168 9560       4       kotlin.collections.CollectionsKt__MutableCollectionsKt::addAll (74 bytes)
C2 CompilerThread2    17168 9459       4       org.jetbrains.kotlin.resolve.lazy.ForceResolveUtil::doForceResolveAllContents (222 bytes)

VM state: not at safepoint (normal execution)

VM Mutex/Monitor currently owned by a thread: None

Heap address: 0x0000000081c00000, size: 2020 MB, Compressed Oops mode: 32-bit

CDS archive(s) not mapped
Compressed class space mapped at: 0x0000000100000000-0x0000000140000000, reserved size: 1073741824
Narrow klass base: 0x0000000000000000, Narrow klass shift: 3, Narrow klass range: 0x140000000

GC Precious Log:
 CPUs: 8 total, 8 available
 Memory: 8074M
 Large Page Support: Disabled
 NUMA Support: Disabled
 Compressed Oops: Enabled (32-bit)
 Heap Region Size: 1M
 Heap Min Capacity: 8M
 Heap Initial Capacity: 128M
 Heap Max Capacity: 2020M
 Pre-touch: Disabled
 Parallel Workers: 8
 Concurrent Workers: 2
 Concurrent Refinement Workers: 8
 Periodic GC: Disabled

Heap:
 garbage-first heap   total 343040K, used 244117K [0x0000000081c00000, 0x0000000100000000)
  region size 1024K, 172 young (176128K), 5 survivors (5120K)
 Metaspace       used 61817K, committed 62080K, reserved 1114112K
  class space    used 7102K, committed 7232K, reserved 1048576K

Heap Regions: E=young(eden), S=young(survivor), O=old, HS=humongous(starts), HC=humongous(continues), CS=collection set, F=free, OA=open archive, CA=closed archive, TAMS=top-at-mark-start (previous, next)
|   0|0x0000000081c00000, 0x0000000081d00000, 0x0000000081d00000|100%|HS|  |TAMS 0x0000000081d00000, 0x0000000081c00000| Complete 
|   1|0x0000000081d00000, 0x0000000081e00000, 0x0000000081e00000|100%|HC|  |TAMS 0x0000000081e00000, 0x0000000081d00000| Complete 
|   2|0x0000000081e00000, 0x0000000081f00000, 0x0000000081f00000|100%|HC|  |TAMS 0x0000000081f00000, 0x0000000081e00000| Complete 
|   3|0x0000000081f00000, 0x0000000082000000, 0x0000000082000000|100%|HC|  |TAMS 0x0000000082000000, 0x0000000081f00000| Complete 
|   4|0x0000000082000000, 0x0000000082100000, 0x0000000082100000|100%| O|  |TAMS 0x0000000082100000, 0x0000000082000000| Untracked 
|   5|0x0000000082100000, 0x0000000082200000, 0x0000000082200000|100%| O|  |TAMS 0x0000000082200000, 0x0000000082100000| Untracked 
|   6|0x0000000082200000, 0x0000000082300000, 0x0000000082300000|100%| O|  |TAMS 0x0000000082300000, 0x0000000082200000| Untracked 
|   7|0x0000000082300000, 0x0000000082400000, 0x0000000082400000|100%| O|  |TAMS 0x0000000082400000, 0x0000000082300000| Untracked 
|   8|0x0000000082400000, 0x0000000082500000, 0x0000000082500000|100%| O|  |TAMS 0x0000000082500000, 0x0000000082400000| Untracked 
|   9|0x0000000082500000, 0x0000000082600000, 0x0000000082600000|100%| O|  |TAMS 0x0000000082500000, 0x0000000082500000| Untracked 
|  10|0x0000000082600000, 0x0000000082700000, 0x0000000082700000|100%| O|  |TAMS 0x0000000082700000, 0x0000000082600000| Untracked 
|  11|0x0000000082700000, 0x0000000082800000, 0x0000000082800000|100%| O|  |TAMS 0x0000000082800000, 0x0000000082700000| Untracked 
|  12|0x0000000082800000, 0x0000000082900000, 0x0000000082900000|100%| O|  |TAMS 0x0000000082900000, 0x0000000082800000| Untracked 
|  13|0x0000000082900000, 0x0000000082a00000, 0x0000000082a00000|100%| O|  |TAMS 0x0000000082a00000, 0x0000000082900000| Untracked 
|  14|0x0000000082a00000, 0x0000000082b00000, 0x0000000082b00000|100%| O|  |TAMS 0x0000000082b00000, 0x0000000082a00000| Untracked 
|  15|0x0000000082b00000, 0x0000000082c00000, 0x0000000082c00000|100%| O|  |TAMS 0x0000000082c00000, 0x0000000082b00000| Untracked 
|  16|0x0000000082c00000, 0x0000000082d00000, 0x0000000082d00000|100%| O|  |TAMS 0x0000000082d00000, 0x0000000082c00000| Untracked 
|  17|0x0000000082d00000, 0x0000000082e00000, 0x0000000082e00000|100%| O|  |TAMS 0x0000000082e00000, 0x0000000082d00000| Untracked 
|  18|0x0000000082e00000, 0x0000000082f00000, 0x0000000082f00000|100%| O|  |TAMS 0x0000000082f00000, 0x0000000082e00000| Untracked 
|  19|0x0000000082f00000, 0x0000000083000000, 0x0000000083000000|100%| O|  |TAMS 0x0000000083000000, 0x0000000082f00000| Untracked 
|  20|0x0000000083000000, 0x0000000083100000, 0x0000000083100000|100%| O|  |TAMS 0x0000000083100000, 0x0000000083000000| Untracked 
|  21|0x0000000083100000, 0x0000000083200000, 0x0000000083200000|100%| O|  |TAMS 0x0000000083200000, 0x0000000083100000| Untracked 
|  22|0x0000000083200000, 0x0000000083300000, 0x0000000083300000|100%| O|  |TAMS 0x0000000083300000, 0x0000000083200000| Untracked 
|  23|0x0000000083300000, 0x0000000083400000, 0x0000000083400000|100%| O|  |TAMS 0x0000000083400000, 0x0000000083300000| Untracked 
|  24|0x0000000083400000, 0x0000000083500000, 0x0000000083500000|100%| O|  |TAMS 0x0000000083500000, 0x0000000083400000| Untracked 
|  25|0x0000000083500000, 0x0000000083600000, 0x0000000083600000|100%| O|  |TAMS 0x0000000083600000, 0x0000000083500000| Untracked 
|  26|0x0000000083600000, 0x0000000083700000, 0x0000000083700000|100%| O|  |TAMS 0x0000000083700000, 0x0000000083600000| Untracked 
|  27|0x0000000083700000, 0x0000000083800000, 0x0000000083800000|100%|HS|  |TAMS 0x0000000083800000, 0x0000000083700000| Complete 
|  28|0x0000000083800000, 0x0000000083900000, 0x0000000083900000|100%|HC|  |TAMS 0x0000000083900000, 0x0000000083800000| Complete 
|  29|0x0000000083900000, 0x0000000083a00000, 0x0000000083a00000|100%| O|  |TAMS 0x0000000083a00000, 0x0000000083900000| Untracked 
|  30|0x0000000083a00000, 0x0000000083b00000, 0x0000000083b00000|100%| O|  |TAMS 0x0000000083b00000, 0x0000000083a00000| Untracked 
|  31|0x0000000083b00000, 0x0000000083c00000, 0x0000000083c00000|100%| O|  |TAMS 0x0000000083c00000, 0x0000000083b00000| Untracked 
|  32|0x0000000083c00000, 0x0000000083d00000, 0x0000000083d00000|100%| O|  |TAMS 0x0000000083d00000, 0x0000000083c00000| Untracked 
|  33|0x0000000083d00000, 0x0000000083e00000, 0x0000000083e00000|100%| O|  |TAMS 0x0000000083e00000, 0x0000000083d00000| Untracked 
|  34|0x0000000083e00000, 0x0000000083f00000, 0x0000000083f00000|100%| O|  |TAMS 0x0000000083f00000, 0x0000000083e00000| Untracked 
|  35|0x0000000083f00000, 0x0000000084000000, 0x0000000084000000|100%| O|  |TAMS 0x0000000084000000, 0x0000000083f00000| Untracked 
|  36|0x0000000084000000, 0x0000000084100000, 0x0000000084100000|100%| O|  |TAMS 0x0000000084100000, 0x0000000084000000| Untracked 
|  37|0x0000000084100000, 0x0000000084200000, 0x0000000084200000|100%| O|  |TAMS 0x0000000084100000, 0x0000000084100000| Untracked 
|  38|0x0000000084200000, 0x0000000084300000, 0x0000000084300000|100%| O|  |TAMS 0x0000000084300000, 0x0000000084200000| Untracked 
|  39|0x0000000084300000, 0x0000000084400000, 0x0000000084400000|100%| O|  |TAMS 0x0000000084400000, 0x0000000084300000| Untracked 
|  40|0x0000000084400000, 0x0000000084500000, 0x0000000084500000|100%| O|  |TAMS 0x0000000084500000, 0x0000000084400000| Untracked 
|  41|0x0000000084500000, 0x0000000084600000, 0x0000000084600000|100%|HS|  |TAMS 0x0000000084600000, 0x0000000084500000| Complete 
|  42|0x0000000084600000, 0x0000000084700000, 0x0000000084700000|100%|HC|  |TAMS 0x0000000084700000, 0x0000000084600000| Complete 
|  43|0x0000000084700000, 0x0000000084800000, 0x0000000084800000|100%| O|  |TAMS 0x0000000084800000, 0x0000000084700000| Untracked 
|  44|0x0000000084800000, 0x0000000084900000, 0x0000000084900000|100%| O|  |TAMS 0x0000000084900000, 0x0000000084800000| Untracked 
|  45|0x0000000084900000, 0x0000000084a00000, 0x0000000084a00000|100%| O|  |TAMS 0x0000000084a00000, 0x0000000084900000| Untracked 
|  46|0x0000000084a00000, 0x0000000084b00000, 0x0000000084b00000|100%| O|  |TAMS 0x0000000084ab8c00, 0x0000000084a00000| Untracked 
|  47|0x0000000084b00000, 0x0000000084c00000, 0x0000000084c00000|100%| O|  |TAMS 0x0000000084b00000, 0x0000000084b00000| Untracked 
|  48|0x0000000084c00000, 0x0000000084d00000, 0x0000000084d00000|100%| O|  |TAMS 0x0000000084c00000, 0x0000000084c00000| Untracked 
|  49|0x0000000084d00000, 0x0000000084e00000, 0x0000000084e00000|100%| O|  |TAMS 0x0000000084d00000, 0x0000000084d00000| Untracked 
|  50|0x0000000084e00000, 0x0000000084f00000, 0x0000000084f00000|100%| O|  |TAMS 0x0000000084e00000, 0x0000000084e00000| Untracked 
|  51|0x0000000084f00000, 0x0000000085000000, 0x0000000085000000|100%| O|  |TAMS 0x0000000084f00000, 0x0000000084f00000| Untracked 
|  52|0x0000000085000000, 0x0000000085100000, 0x0000000085100000|100%| O|  |TAMS 0x0000000085000000, 0x0000000085000000| Untracked 
|  53|0x0000000085100000, 0x0000000085200000, 0x0000000085200000|100%| O|  |TAMS 0x0000000085100000, 0x0000000085100000| Untracked 
|  54|0x0000000085200000, 0x0000000085300000, 0x0000000085300000|100%| O|  |TAMS 0x0000000085200000, 0x0000000085200000| Untracked 
|  55|0x0000000085300000, 0x0000000085400000, 0x0000000085400000|100%| O|  |TAMS 0x0000000085300000, 0x0000000085300000| Untracked 
|  56|0x0000000085400000, 0x0000000085500000, 0x0000000085500000|100%| O|  |TAMS 0x0000000085400000, 0x0000000085400000| Untracked 
|  57|0x0000000085500000, 0x0000000085600000, 0x0000000085600000|100%| O|  |TAMS 0x0000000085500000, 0x0000000085500000| Untracked 
|  58|0x0000000085600000, 0x0000000085700000, 0x0000000085700000|100%| O|  |TAMS 0x0000000085600000, 0x0000000085600000| Untracked 
|  59|0x0000000085700000, 0x0000000085800000, 0x0000000085800000|100%| O|  |TAMS 0x0000000085700000, 0x0000000085700000| Untracked 
|  60|0x0000000085800000, 0x0000000085900000, 0x0000000085900000|100%| O|  |TAMS 0x0000000085800000, 0x0000000085800000| Untracked 
|  61|0x0000000085900000, 0x0000000085a00000, 0x0000000085a00000|100%| O|  |TAMS 0x0000000085900000, 0x0000000085900000| Untracked 
|  62|0x0000000085a00000, 0x0000000085b00000, 0x0000000085b00000|100%| O|  |TAMS 0x0000000085a00000, 0x0000000085a00000| Untracked 
|  63|0x0000000085b00000, 0x0000000085c00000, 0x0000000085c00000|100%| O|  |TAMS 0x0000000085b00000, 0x0000000085b00000| Untracked 
|  64|0x0000000085c00000, 0x0000000085d00000, 0x0000000085d00000|100%| O|  |TAMS 0x0000000085c00000, 0x0000000085c00000| Untracked 
|  65|0x0000000085d00000, 0x0000000085db2600, 0x0000000085e00000| 69%| O|  |TAMS 0x0000000085d00000, 0x0000000085d00000| Untracked 
|  66|0x0000000085e00000, 0x0000000085f00000, 0x0000000085f00000|100%|HS|  |TAMS 0x0000000085e00000, 0x0000000085e00000| Complete 
|  67|0x0000000085f00000, 0x0000000086000000, 0x0000000086000000|100%|HC|  |TAMS 0x0000000085f00000, 0x0000000085f00000| Complete 
|  68|0x0000000086000000, 0x0000000086000000, 0x0000000086100000|  0%| F|  |TAMS 0x0000000086000000, 0x0000000086000000| Untracked 
|  69|0x0000000086100000, 0x0000000086100000, 0x0000000086200000|  0%| F|  |TAMS 0x0000000086100000, 0x0000000086100000| Untracked 
|  70|0x0000000086200000, 0x0000000086200000, 0x0000000086300000|  0%| F|  |TAMS 0x0000000086200000, 0x0000000086200000| Untracked 
|  71|0x0000000086300000, 0x0000000086300000, 0x0000000086400000|  0%| F|  |TAMS 0x0000000086300000, 0x0000000086300000| Untracked 
|  72|0x0000000086400000, 0x0000000086400000, 0x0000000086500000|  0%| F|  |TAMS 0x0000000086400000, 0x0000000086400000| Untracked 
|  73|0x0000000086500000, 0x0000000086500000, 0x0000000086600000|  0%| F|  |TAMS 0x0000000086500000, 0x0000000086500000| Untracked 
|  74|0x0000000086600000, 0x0000000086600000, 0x0000000086700000|  0%| F|  |TAMS 0x0000000086600000, 0x0000000086600000| Untracked 
|  75|0x0000000086700000, 0x0000000086700000, 0x0000000086800000|  0%| F|  |TAMS 0x0000000086700000, 0x0000000086700000| Untracked 
|  76|0x0000000086800000, 0x0000000086800000, 0x0000000086900000|  0%| F|  |TAMS 0x0000000086800000, 0x0000000086800000| Untracked 
|  77|0x0000000086900000, 0x0000000086900000, 0x0000000086a00000|  0%| F|  |TAMS 0x0000000086900000, 0x0000000086900000| Untracked 
|  78|0x0000000086a00000, 0x0000000086a00000, 0x0000000086b00000|  0%| F|  |TAMS 0x0000000086a00000, 0x0000000086a00000| Untracked 
|  79|0x0000000086b00000, 0x0000000086b00000, 0x0000000086c00000|  0%| F|  |TAMS 0x0000000086b00000, 0x0000000086b00000| Untracked 
|  80|0x0000000086c00000, 0x0000000086c00000, 0x0000000086d00000|  0%| F|  |TAMS 0x0000000086c00000, 0x0000000086c00000| Untracked 
|  81|0x0000000086d00000, 0x0000000086d00000, 0x0000000086e00000|  0%| F|  |TAMS 0x0000000086d00000, 0x0000000086d00000| Untracked 
|  82|0x0000000086e00000, 0x0000000086e00000, 0x0000000086f00000|  0%| F|  |TAMS 0x0000000086e00000, 0x0000000086e00000| Untracked 
|  83|0x0000000086f00000, 0x0000000086f00000, 0x0000000087000000|  0%| F|  |TAMS 0x0000000086f00000, 0x0000000086f00000| Untracked 
|  84|0x0000000087000000, 0x00000000870b2ea0, 0x0000000087100000| 69%| S|CS|TAMS 0x0000000087000000, 0x0000000087000000| Complete 
|  85|0x0000000087100000, 0x0000000087100000, 0x0000000087200000|  0%| F|  |TAMS 0x0000000087100000, 0x0000000087100000| Untracked 
|  86|0x0000000087200000, 0x0000000087200000, 0x0000000087300000|  0%| F|  |TAMS 0x0000000087200000, 0x0000000087200000| Untracked 
|  87|0x0000000087300000, 0x0000000087300000, 0x0000000087400000|  0%| F|  |TAMS 0x0000000087300000, 0x0000000087300000| Untracked 
|  88|0x0000000087400000, 0x0000000087400000, 0x0000000087500000|  0%| F|  |TAMS 0x0000000087400000, 0x0000000087400000| Untracked 
|  89|0x0000000087500000, 0x0000000087500000, 0x0000000087600000|  0%| F|  |TAMS 0x0000000087500000, 0x0000000087500000| Untracked 
|  90|0x0000000087600000, 0x0000000087600000, 0x0000000087700000|  0%| F|  |TAMS 0x0000000087600000, 0x0000000087600000| Untracked 
|  91|0x0000000087700000, 0x0000000087800000, 0x0000000087800000|100%| S|CS|TAMS 0x0000000087700000, 0x0000000087700000| Complete 
|  92|0x0000000087800000, 0x0000000087900000, 0x0000000087900000|100%| S|CS|TAMS 0x0000000087800000, 0x0000000087800000| Complete 
|  93|0x0000000087900000, 0x0000000087a00000, 0x0000000087a00000|100%| S|CS|TAMS 0x0000000087900000, 0x0000000087900000| Complete 
|  94|0x0000000087a00000, 0x0000000087b00000, 0x0000000087b00000|100%| S|CS|TAMS 0x0000000087a00000, 0x0000000087a00000| Complete 
|  95|0x0000000087b00000, 0x0000000087b00000, 0x0000000087c00000|  0%| F|  |TAMS 0x0000000087b00000, 0x0000000087b00000| Untracked 
|  96|0x0000000087c00000, 0x0000000087c00000, 0x0000000087d00000|  0%| F|  |TAMS 0x0000000087c00000, 0x0000000087c00000| Untracked 
|  97|0x0000000087d00000, 0x0000000087d00000, 0x0000000087e00000|  0%| F|  |TAMS 0x0000000087d00000, 0x0000000087d00000| Untracked 
|  98|0x0000000087e00000, 0x0000000087e00000, 0x0000000087f00000|  0%| F|  |TAMS 0x0000000087e00000, 0x0000000087e00000| Untracked 
|  99|0x0000000087f00000, 0x0000000087f00000, 0x0000000088000000|  0%| F|  |TAMS 0x0000000087f00000, 0x0000000087f00000| Untracked 
| 100|0x0000000088000000, 0x0000000088000000, 0x0000000088100000|  0%| F|  |TAMS 0x0000000088000000, 0x0000000088000000| Untracked 
| 101|0x0000000088100000, 0x0000000088100000, 0x0000000088200000|  0%| F|  |TAMS 0x0000000088100000, 0x0000000088100000| Untracked 
| 102|0x0000000088200000, 0x0000000088200000, 0x0000000088300000|  0%| F|  |TAMS 0x0000000088200000, 0x0000000088200000| Untracked 
| 103|0x0000000088300000, 0x0000000088300000, 0x0000000088400000|  0%| F|  |TAMS 0x0000000088300000, 0x0000000088300000| Untracked 
| 104|0x0000000088400000, 0x0000000088400000, 0x0000000088500000|  0%| F|  |TAMS 0x0000000088400000, 0x0000000088400000| Untracked 
| 105|0x0000000088500000, 0x0000000088500000, 0x0000000088600000|  0%| F|  |TAMS 0x0000000088500000, 0x0000000088500000| Untracked 
| 106|0x0000000088600000, 0x0000000088600000, 0x0000000088700000|  0%| F|  |TAMS 0x0000000088600000, 0x0000000088600000| Untracked 
| 107|0x0000000088700000, 0x0000000088700000, 0x0000000088800000|  0%| F|  |TAMS 0x0000000088700000, 0x0000000088700000| Untracked 
| 108|0x0000000088800000, 0x0000000088800000, 0x0000000088900000|  0%| F|  |TAMS 0x0000000088800000, 0x0000000088800000| Untracked 
| 109|0x0000000088900000, 0x0000000088900000, 0x0000000088a00000|  0%| F|  |TAMS 0x0000000088900000, 0x0000000088900000| Untracked 
| 110|0x0000000088a00000, 0x0000000088a00000, 0x0000000088b00000|  0%| F|  |TAMS 0x0000000088a00000, 0x0000000088a00000| Untracked 
| 111|0x0000000088b00000, 0x0000000088b00000, 0x0000000088c00000|  0%| F|  |TAMS 0x0000000088b00000, 0x0000000088b00000| Untracked 
| 112|0x0000000088c00000, 0x0000000088c00000, 0x0000000088d00000|  0%| F|  |TAMS 0x0000000088c00000, 0x0000000088c00000| Untracked 
| 113|0x0000000088d00000, 0x0000000088d00000, 0x0000000088e00000|  0%| F|  |TAMS 0x0000000088d00000, 0x0000000088d00000| Untracked 
| 114|0x0000000088e00000, 0x0000000088e00000, 0x0000000088f00000|  0%| F|  |TAMS 0x0000000088e00000, 0x0000000088e00000| Untracked 
| 115|0x0000000088f00000, 0x0000000088f00000, 0x0000000089000000|  0%| F|  |TAMS 0x0000000088f00000, 0x0000000088f00000| Untracked 
| 116|0x0000000089000000, 0x0000000089000000, 0x0000000089100000|  0%| F|  |TAMS 0x0000000089000000, 0x0000000089000000| Untracked 
| 117|0x0000000089100000, 0x0000000089100000, 0x0000000089200000|  0%| F|  |TAMS 0x0000000089100000, 0x0000000089100000| Untracked 
| 118|0x0000000089200000, 0x0000000089200000, 0x0000000089300000|  0%| F|  |TAMS 0x0000000089200000, 0x0000000089200000| Untracked 
| 119|0x0000000089300000, 0x0000000089300000, 0x0000000089400000|  0%| F|  |TAMS 0x0000000089300000, 0x0000000089300000| Untracked 
| 120|0x0000000089400000, 0x0000000089400000, 0x0000000089500000|  0%| F|  |TAMS 0x0000000089400000, 0x0000000089400000| Untracked 
| 121|0x0000000089500000, 0x0000000089500000, 0x0000000089600000|  0%| F|  |TAMS 0x0000000089500000, 0x0000000089500000| Untracked 
| 122|0x0000000089600000, 0x0000000089600000, 0x0000000089700000|  0%| F|  |TAMS 0x0000000089600000, 0x0000000089600000| Untracked 
| 123|0x0000000089700000, 0x0000000089700000, 0x0000000089800000|  0%| F|  |TAMS 0x0000000089700000, 0x0000000089700000| Untracked 
| 124|0x0000000089800000, 0x0000000089800000, 0x0000000089900000|  0%| F|  |TAMS 0x0000000089800000, 0x0000000089800000| Untracked 
| 125|0x0000000089900000, 0x0000000089900000, 0x0000000089a00000|  0%| F|  |TAMS 0x0000000089900000, 0x0000000089900000| Untracked 
| 126|0x0000000089a00000, 0x0000000089a00000, 0x0000000089b00000|  0%| F|  |TAMS 0x0000000089a00000, 0x0000000089a00000| Untracked 
| 127|0x0000000089b00000, 0x0000000089b00000, 0x0000000089c00000|  0%| F|  |TAMS 0x0000000089b00000, 0x0000000089b00000| Untracked 
| 128|0x0000000089c00000, 0x0000000089c00000, 0x0000000089d00000|  0%| F|  |TAMS 0x0000000089c00000, 0x0000000089c00000| Untracked 
| 129|0x0000000089d00000, 0x0000000089d00000, 0x0000000089e00000|  0%| F|  |TAMS 0x0000000089d00000, 0x0000000089d00000| Untracked 
| 130|0x0000000089e00000, 0x0000000089e00000, 0x0000000089f00000|  0%| F|  |TAMS 0x0000000089e00000, 0x0000000089e00000| Untracked 
| 131|0x0000000089f00000, 0x0000000089f00000, 0x000000008a000000|  0%| F|  |TAMS 0x0000000089f00000, 0x0000000089f00000| Untracked 
| 132|0x000000008a000000, 0x000000008a000000, 0x000000008a100000|  0%| F|  |TAMS 0x000000008a000000, 0x000000008a000000| Untracked 
| 133|0x000000008a100000, 0x000000008a100000, 0x000000008a200000|  0%| F|  |TAMS 0x000000008a100000, 0x000000008a100000| Untracked 
| 134|0x000000008a200000, 0x000000008a200000, 0x000000008a300000|  0%| F|  |TAMS 0x000000008a200000, 0x000000008a200000| Untracked 
| 135|0x000000008a300000, 0x000000008a300000, 0x000000008a400000|  0%| F|  |TAMS 0x000000008a300000, 0x000000008a300000| Untracked 
| 136|0x000000008a400000, 0x000000008a400000, 0x000000008a500000|  0%| F|  |TAMS 0x000000008a400000, 0x000000008a400000| Untracked 
| 137|0x000000008a500000, 0x000000008a500000, 0x000000008a600000|  0%| F|  |TAMS 0x000000008a500000, 0x000000008a500000| Untracked 
| 138|0x000000008a600000, 0x000000008a600000, 0x000000008a700000|  0%| F|  |TAMS 0x000000008a600000, 0x000000008a600000| Untracked 
| 139|0x000000008a700000, 0x000000008a700000, 0x000000008a800000|  0%| F|  |TAMS 0x000000008a700000, 0x000000008a700000| Untracked 
| 140|0x000000008a800000, 0x000000008a800000, 0x000000008a900000|  0%| F|  |TAMS 0x000000008a800000, 0x000000008a800000| Untracked 
| 141|0x000000008a900000, 0x000000008a900000, 0x000000008aa00000|  0%| F|  |TAMS 0x000000008a900000, 0x000000008a900000| Untracked 
| 142|0x000000008aa00000, 0x000000008aa00000, 0x000000008ab00000|  0%| F|  |TAMS 0x000000008aa00000, 0x000000008aa00000| Untracked 
| 143|0x000000008ab00000, 0x000000008ab00000, 0x000000008ac00000|  0%| F|  |TAMS 0x000000008ab00000, 0x000000008ab00000| Untracked 
| 144|0x000000008ac00000, 0x000000008ac00000, 0x000000008ad00000|  0%| F|  |TAMS 0x000000008ac00000, 0x000000008ac00000| Untracked 
| 145|0x000000008ad00000, 0x000000008ad00000, 0x000000008ae00000|  0%| F|  |TAMS 0x000000008ad00000, 0x000000008ad00000| Untracked 
| 146|0x000000008ae00000, 0x000000008ae00000, 0x000000008af00000|  0%| F|  |TAMS 0x000000008ae00000, 0x000000008ae00000| Untracked 
| 147|0x000000008af00000, 0x000000008af00000, 0x000000008b000000|  0%| F|  |TAMS 0x000000008af00000, 0x000000008af00000| Untracked 
| 148|0x000000008b000000, 0x000000008b000000, 0x000000008b100000|  0%| F|  |TAMS 0x000000008b000000, 0x000000008b000000| Untracked 
| 149|0x000000008b100000, 0x000000008b100000, 0x000000008b200000|  0%| F|  |TAMS 0x000000008b100000, 0x000000008b100000| Untracked 
| 150|0x000000008b200000, 0x000000008b200000, 0x000000008b300000|  0%| F|  |TAMS 0x000000008b200000, 0x000000008b200000| Untracked 
| 151|0x000000008b300000, 0x000000008b300000, 0x000000008b400000|  0%| F|  |TAMS 0x000000008b300000, 0x000000008b300000| Untracked 
| 152|0x000000008b400000, 0x000000008b400000, 0x000000008b500000|  0%| F|  |TAMS 0x000000008b400000, 0x000000008b400000| Untracked 
| 153|0x000000008b500000, 0x000000008b500000, 0x000000008b600000|  0%| F|  |TAMS 0x000000008b500000, 0x000000008b500000| Untracked 
| 154|0x000000008b600000, 0x000000008b600000, 0x000000008b700000|  0%| F|  |TAMS 0x000000008b600000, 0x000000008b600000| Untracked 
| 155|0x000000008b700000, 0x000000008b700000, 0x000000008b800000|  0%| F|  |TAMS 0x000000008b700000, 0x000000008b700000| Untracked 
| 156|0x000000008b800000, 0x000000008b800000, 0x000000008b900000|  0%| F|  |TAMS 0x000000008b800000, 0x000000008b800000| Untracked 
| 157|0x000000008b900000, 0x000000008b900000, 0x000000008ba00000|  0%| F|  |TAMS 0x000000008b900000, 0x000000008b900000| Untracked 
| 158|0x000000008ba00000, 0x000000008ba00000, 0x000000008bb00000|  0%| F|  |TAMS 0x000000008ba00000, 0x000000008ba00000| Untracked 
| 159|0x000000008bb00000, 0x000000008bb00000, 0x000000008bc00000|  0%| F|  |TAMS 0x000000008bb00000, 0x000000008bb00000| Untracked 
| 160|0x000000008bc00000, 0x000000008bc00000, 0x000000008bd00000|  0%| F|  |TAMS 0x000000008bc00000, 0x000000008bc00000| Untracked 
| 161|0x000000008bd00000, 0x000000008bd00000, 0x000000008be00000|  0%| F|  |TAMS 0x000000008bd00000, 0x000000008bd00000| Untracked 
| 162|0x000000008be00000, 0x000000008be00000, 0x000000008bf00000|  0%| F|  |TAMS 0x000000008be00000, 0x000000008be00000| Untracked 
| 163|0x000000008bf00000, 0x000000008bf00000, 0x000000008c000000|  0%| F|  |TAMS 0x000000008bf00000, 0x000000008bf00000| Untracked 
| 164|0x000000008c000000, 0x000000008c000000, 0x000000008c100000|  0%| F|  |TAMS 0x000000008c000000, 0x000000008c000000| Untracked 
| 165|0x000000008c100000, 0x000000008c100000, 0x000000008c200000|  0%| F|  |TAMS 0x000000008c100000, 0x000000008c100000| Untracked 
| 166|0x000000008c200000, 0x000000008c200000, 0x000000008c300000|  0%| F|  |TAMS 0x000000008c200000, 0x000000008c200000| Untracked 
| 167|0x000000008c300000, 0x000000008c300000, 0x000000008c400000|  0%| F|  |TAMS 0x000000008c300000, 0x000000008c300000| Untracked 
| 168|0x000000008c400000, 0x000000008c500000, 0x000000008c500000|100%| E|  |TAMS 0x000000008c400000, 0x000000008c400000| Complete 
| 169|0x000000008c500000, 0x000000008c600000, 0x000000008c600000|100%| E|CS|TAMS 0x000000008c500000, 0x000000008c500000| Complete 
| 170|0x000000008c600000, 0x000000008c700000, 0x000000008c700000|100%| E|CS|TAMS 0x000000008c600000, 0x000000008c600000| Complete 
| 171|0x000000008c700000, 0x000000008c800000, 0x000000008c800000|100%| E|CS|TAMS 0x000000008c700000, 0x000000008c700000| Complete 
| 172|0x000000008c800000, 0x000000008c900000, 0x000000008c900000|100%| E|CS|TAMS 0x000000008c800000, 0x000000008c800000| Complete 
| 173|0x000000008c900000, 0x000000008ca00000, 0x000000008ca00000|100%| E|CS|TAMS 0x000000008c900000, 0x000000008c900000| Complete 
| 174|0x000000008ca00000, 0x000000008cb00000, 0x000000008cb00000|100%| E|CS|TAMS 0x000000008ca00000, 0x000000008ca00000| Complete 
| 175|0x000000008cb00000, 0x000000008cc00000, 0x000000008cc00000|100%| E|CS|TAMS 0x000000008cb00000, 0x000000008cb00000| Complete 
| 176|0x000000008cc00000, 0x000000008cd00000, 0x000000008cd00000|100%| E|CS|TAMS 0x000000008cc00000, 0x000000008cc00000| Complete 
| 177|0x000000008cd00000, 0x000000008ce00000, 0x000000008ce00000|100%| E|CS|TAMS 0x000000008cd00000, 0x000000008cd00000| Complete 
| 178|0x000000008ce00000, 0x000000008cf00000, 0x000000008cf00000|100%| E|CS|TAMS 0x000000008ce00000, 0x000000008ce00000| Complete 
| 179|0x000000008cf00000, 0x000000008d000000, 0x000000008d000000|100%| E|CS|TAMS 0x000000008cf00000, 0x000000008cf00000| Complete 
| 180|0x000000008d000000, 0x000000008d100000, 0x000000008d100000|100%| E|CS|TAMS 0x000000008d000000, 0x000000008d000000| Complete 
| 181|0x000000008d100000, 0x000000008d200000, 0x000000008d200000|100%| E|CS|TAMS 0x000000008d100000, 0x000000008d100000| Complete 
| 182|0x000000008d200000, 0x000000008d300000, 0x000000008d300000|100%| E|CS|TAMS 0x000000008d200000, 0x000000008d200000| Complete 
| 183|0x000000008d300000, 0x000000008d400000, 0x000000008d400000|100%| E|CS|TAMS 0x000000008d300000, 0x000000008d300000| Complete 
| 184|0x000000008d400000, 0x000000008d500000, 0x000000008d500000|100%| E|CS|TAMS 0x000000008d400000, 0x000000008d400000| Complete 
| 185|0x000000008d500000, 0x000000008d600000, 0x000000008d600000|100%| E|CS|TAMS 0x000000008d500000, 0x000000008d500000| Complete 
| 186|0x000000008d600000, 0x000000008d700000, 0x000000008d700000|100%| E|CS|TAMS 0x000000008d600000, 0x000000008d600000| Complete 
| 187|0x000000008d700000, 0x000000008d800000, 0x000000008d800000|100%| E|CS|TAMS 0x000000008d700000, 0x000000008d700000| Complete 
| 188|0x000000008d800000, 0x000000008d900000, 0x000000008d900000|100%| E|CS|TAMS 0x000000008d800000, 0x000000008d800000| Complete 
| 189|0x000000008d900000, 0x000000008da00000, 0x000000008da00000|100%| E|CS|TAMS 0x000000008d900000, 0x000000008d900000| Complete 
| 190|0x000000008da00000, 0x000000008db00000, 0x000000008db00000|100%| E|CS|TAMS 0x000000008da00000, 0x000000008da00000| Complete 
| 191|0x000000008db00000, 0x000000008dc00000, 0x000000008dc00000|100%| E|CS|TAMS 0x000000008db00000, 0x000000008db00000| Complete 
| 192|0x000000008dc00000, 0x000000008dd00000, 0x000000008dd00000|100%| E|CS|TAMS 0x000000008dc00000, 0x000000008dc00000| Complete 
| 193|0x000000008dd00000, 0x000000008de00000, 0x000000008de00000|100%| E|CS|TAMS 0x000000008dd00000, 0x000000008dd00000| Complete 
| 194|0x000000008de00000, 0x000000008df00000, 0x000000008df00000|100%| E|CS|TAMS 0x000000008de00000, 0x000000008de00000| Complete 
| 195|0x000000008df00000, 0x000000008e000000, 0x000000008e000000|100%| E|CS|TAMS 0x000000008df00000, 0x000000008df00000| Complete 
| 196|0x000000008e000000, 0x000000008e100000, 0x000000008e100000|100%| E|CS|TAMS 0x000000008e000000, 0x000000008e000000| Complete 
| 197|0x000000008e100000, 0x000000008e200000, 0x000000008e200000|100%| E|CS|TAMS 0x000000008e100000, 0x000000008e100000| Complete 
| 198|0x000000008e200000, 0x000000008e300000, 0x000000008e300000|100%| E|CS|TAMS 0x000000008e200000, 0x000000008e200000| Complete 
| 199|0x000000008e300000, 0x000000008e400000, 0x000000008e400000|100%| E|CS|TAMS 0x000000008e300000, 0x000000008e300000| Complete 
| 200|0x000000008e400000, 0x000000008e500000, 0x000000008e500000|100%| E|CS|TAMS 0x000000008e400000, 0x000000008e400000| Complete 
| 201|0x000000008e500000, 0x000000008e600000, 0x000000008e600000|100%| E|CS|TAMS 0x000000008e500000, 0x000000008e500000| Complete 
| 202|0x000000008e600000, 0x000000008e700000, 0x000000008e700000|100%| E|CS|TAMS 0x000000008e600000, 0x000000008e600000| Complete 
| 203|0x000000008e700000, 0x000000008e800000, 0x000000008e800000|100%| E|CS|TAMS 0x000000008e700000, 0x000000008e700000| Complete 
| 204|0x000000008e800000, 0x000000008e900000, 0x000000008e900000|100%| E|CS|TAMS 0x000000008e800000, 0x000000008e800000| Complete 
| 205|0x000000008e900000, 0x000000008ea00000, 0x000000008ea00000|100%| E|CS|TAMS 0x000000008e900000, 0x000000008e900000| Complete 
| 206|0x000000008ea00000, 0x000000008eb00000, 0x000000008eb00000|100%| E|CS|TAMS 0x000000008ea00000, 0x000000008ea00000| Complete 
| 207|0x000000008eb00000, 0x000000008ec00000, 0x000000008ec00000|100%| E|CS|TAMS 0x000000008eb00000, 0x000000008eb00000| Complete 
| 208|0x000000008ec00000, 0x000000008ed00000, 0x000000008ed00000|100%| E|CS|TAMS 0x000000008ec00000, 0x000000008ec00000| Complete 
| 209|0x000000008ed00000, 0x000000008ee00000, 0x000000008ee00000|100%| E|CS|TAMS 0x000000008ed00000, 0x000000008ed00000| Complete 
| 210|0x000000008ee00000, 0x000000008ef00000, 0x000000008ef00000|100%| E|CS|TAMS 0x000000008ee00000, 0x000000008ee00000| Complete 
| 211|0x000000008ef00000, 0x000000008f000000, 0x000000008f000000|100%| E|CS|TAMS 0x000000008ef00000, 0x000000008ef00000| Complete 
| 212|0x000000008f000000, 0x000000008f100000, 0x000000008f100000|100%| E|CS|TAMS 0x000000008f000000, 0x000000008f000000| Complete 
| 213|0x000000008f100000, 0x000000008f200000, 0x000000008f200000|100%| E|CS|TAMS 0x000000008f100000, 0x000000008f100000| Complete 
| 214|0x000000008f200000, 0x000000008f300000, 0x000000008f300000|100%| E|CS|TAMS 0x000000008f200000, 0x000000008f200000| Complete 
| 215|0x000000008f300000, 0x000000008f400000, 0x000000008f400000|100%| E|CS|TAMS 0x000000008f300000, 0x000000008f300000| Complete 
| 216|0x000000008f400000, 0x000000008f500000, 0x000000008f500000|100%| E|CS|TAMS 0x000000008f400000, 0x000000008f400000| Complete 
| 217|0x000000008f500000, 0x000000008f600000, 0x000000008f600000|100%| E|CS|TAMS 0x000000008f500000, 0x000000008f500000| Complete 
| 218|0x000000008f600000, 0x000000008f700000, 0x000000008f700000|100%| E|CS|TAMS 0x000000008f600000, 0x000000008f600000| Complete 
| 219|0x000000008f700000, 0x000000008f800000, 0x000000008f800000|100%| E|CS|TAMS 0x000000008f700000, 0x000000008f700000| Complete 
| 220|0x000000008f800000, 0x000000008f900000, 0x000000008f900000|100%| E|CS|TAMS 0x000000008f800000, 0x000000008f800000| Complete 
| 221|0x000000008f900000, 0x000000008fa00000, 0x000000008fa00000|100%| E|CS|TAMS 0x000000008f900000, 0x000000008f900000| Complete 
| 222|0x000000008fa00000, 0x000000008fb00000, 0x000000008fb00000|100%| E|CS|TAMS 0x000000008fa00000, 0x000000008fa00000| Complete 
| 223|0x000000008fb00000, 0x000000008fc00000, 0x000000008fc00000|100%| E|CS|TAMS 0x000000008fb00000, 0x000000008fb00000| Complete 
| 224|0x000000008fc00000, 0x000000008fd00000, 0x000000008fd00000|100%| E|CS|TAMS 0x000000008fc00000, 0x000000008fc00000| Complete 
| 225|0x000000008fd00000, 0x000000008fe00000, 0x000000008fe00000|100%| E|CS|TAMS 0x000000008fd00000, 0x000000008fd00000| Complete 
| 226|0x000000008fe00000, 0x000000008ff00000, 0x000000008ff00000|100%| E|CS|TAMS 0x000000008fe00000, 0x000000008fe00000| Complete 
| 227|0x000000008ff00000, 0x0000000090000000, 0x0000000090000000|100%| E|CS|TAMS 0x000000008ff00000, 0x000000008ff00000| Complete 
| 228|0x0000000090000000, 0x0000000090100000, 0x0000000090100000|100%| E|CS|TAMS 0x0000000090000000, 0x0000000090000000| Complete 
| 229|0x0000000090100000, 0x0000000090200000, 0x0000000090200000|100%| E|CS|TAMS 0x0000000090100000, 0x0000000090100000| Complete 
| 230|0x0000000090200000, 0x0000000090300000, 0x0000000090300000|100%| E|CS|TAMS 0x0000000090200000, 0x0000000090200000| Complete 
| 231|0x0000000090300000, 0x0000000090400000, 0x0000000090400000|100%| E|CS|TAMS 0x0000000090300000, 0x0000000090300000| Complete 
| 232|0x0000000090400000, 0x0000000090500000, 0x0000000090500000|100%| E|CS|TAMS 0x0000000090400000, 0x0000000090400000| Complete 
| 233|0x0000000090500000, 0x0000000090600000, 0x0000000090600000|100%| E|CS|TAMS 0x0000000090500000, 0x0000000090500000| Complete 
| 234|0x0000000090600000, 0x0000000090700000, 0x0000000090700000|100%| E|CS|TAMS 0x0000000090600000, 0x0000000090600000| Complete 
| 235|0x0000000090700000, 0x0000000090800000, 0x0000000090800000|100%| E|CS|TAMS 0x0000000090700000, 0x0000000090700000| Complete 
| 236|0x0000000090800000, 0x0000000090900000, 0x0000000090900000|100%| E|CS|TAMS 0x0000000090800000, 0x0000000090800000| Complete 
| 237|0x0000000090900000, 0x0000000090a00000, 0x0000000090a00000|100%| E|CS|TAMS 0x0000000090900000, 0x0000000090900000| Complete 
| 238|0x0000000090a00000, 0x0000000090b00000, 0x0000000090b00000|100%| E|CS|TAMS 0x0000000090a00000, 0x0000000090a00000| Complete 
| 239|0x0000000090b00000, 0x0000000090c00000, 0x0000000090c00000|100%| E|CS|TAMS 0x0000000090b00000, 0x0000000090b00000| Complete 
| 240|0x0000000090c00000, 0x0000000090d00000, 0x0000000090d00000|100%| E|CS|TAMS 0x0000000090c00000, 0x0000000090c00000| Complete 
| 241|0x0000000090d00000, 0x0000000090e00000, 0x0000000090e00000|100%| E|CS|TAMS 0x0000000090d00000, 0x0000000090d00000| Complete 
| 242|0x0000000090e00000, 0x0000000090f00000, 0x0000000090f00000|100%| E|CS|TAMS 0x0000000090e00000, 0x0000000090e00000| Complete 
| 243|0x0000000090f00000, 0x0000000091000000, 0x0000000091000000|100%| E|CS|TAMS 0x0000000090f00000, 0x0000000090f00000| Complete 
| 244|0x0000000091000000, 0x0000000091100000, 0x0000000091100000|100%| E|CS|TAMS 0x0000000091000000, 0x0000000091000000| Complete 
| 245|0x0000000091100000, 0x0000000091200000, 0x0000000091200000|100%| E|CS|TAMS 0x0000000091100000, 0x0000000091100000| Complete 
| 246|0x0000000091200000, 0x0000000091300000, 0x0000000091300000|100%| E|CS|TAMS 0x0000000091200000, 0x0000000091200000| Complete 
| 247|0x0000000091300000, 0x0000000091400000, 0x0000000091400000|100%| E|CS|TAMS 0x0000000091300000, 0x0000000091300000| Complete 
| 248|0x0000000091400000, 0x0000000091500000, 0x0000000091500000|100%| E|CS|TAMS 0x0000000091400000, 0x0000000091400000| Complete 
| 249|0x0000000091500000, 0x0000000091600000, 0x0000000091600000|100%| E|CS|TAMS 0x0000000091500000, 0x0000000091500000| Complete 
| 250|0x0000000091600000, 0x0000000091700000, 0x0000000091700000|100%| E|CS|TAMS 0x0000000091600000, 0x0000000091600000| Complete 
| 251|0x0000000091700000, 0x0000000091800000, 0x0000000091800000|100%| E|CS|TAMS 0x0000000091700000, 0x0000000091700000| Complete 
| 252|0x0000000091800000, 0x0000000091900000, 0x0000000091900000|100%| E|CS|TAMS 0x0000000091800000, 0x0000000091800000| Complete 
| 253|0x0000000091900000, 0x0000000091a00000, 0x0000000091a00000|100%| E|CS|TAMS 0x0000000091900000, 0x0000000091900000| Complete 
| 254|0x0000000091a00000, 0x0000000091b00000, 0x0000000091b00000|100%| E|CS|TAMS 0x0000000091a00000, 0x0000000091a00000| Complete 
| 255|0x0000000091b00000, 0x0000000091c00000, 0x0000000091c00000|100%| E|CS|TAMS 0x0000000091b00000, 0x0000000091b00000| Complete 
| 256|0x0000000091c00000, 0x0000000091d00000, 0x0000000091d00000|100%| E|CS|TAMS 0x0000000091c00000, 0x0000000091c00000| Complete 
| 257|0x0000000091d00000, 0x0000000091e00000, 0x0000000091e00000|100%| E|CS|TAMS 0x0000000091d00000, 0x0000000091d00000| Complete 
| 258|0x0000000091e00000, 0x0000000091f00000, 0x0000000091f00000|100%| E|CS|TAMS 0x0000000091e00000, 0x0000000091e00000| Complete 
| 259|0x0000000091f00000, 0x0000000092000000, 0x0000000092000000|100%| E|CS|TAMS 0x0000000091f00000, 0x0000000091f00000| Complete 
| 260|0x0000000092000000, 0x0000000092100000, 0x0000000092100000|100%| E|CS|TAMS 0x0000000092000000, 0x0000000092000000| Complete 
| 261|0x0000000092100000, 0x0000000092200000, 0x0000000092200000|100%| E|CS|TAMS 0x0000000092100000, 0x0000000092100000| Complete 
| 262|0x0000000092200000, 0x0000000092300000, 0x0000000092300000|100%| E|CS|TAMS 0x0000000092200000, 0x0000000092200000| Complete 
| 263|0x0000000092300000, 0x0000000092400000, 0x0000000092400000|100%| E|CS|TAMS 0x0000000092300000, 0x0000000092300000| Complete 
| 264|0x0000000092400000, 0x0000000092500000, 0x0000000092500000|100%| E|CS|TAMS 0x0000000092400000, 0x0000000092400000| Complete 
| 265|0x0000000092500000, 0x0000000092600000, 0x0000000092600000|100%| E|CS|TAMS 0x0000000092500000, 0x0000000092500000| Complete 
| 266|0x0000000092600000, 0x0000000092700000, 0x0000000092700000|100%| E|CS|TAMS 0x0000000092600000, 0x0000000092600000| Complete 
| 267|0x0000000092700000, 0x0000000092800000, 0x0000000092800000|100%| E|CS|TAMS 0x0000000092700000, 0x0000000092700000| Complete 
| 268|0x0000000092800000, 0x0000000092900000, 0x0000000092900000|100%| E|CS|TAMS 0x0000000092800000, 0x0000000092800000| Complete 
| 269|0x0000000092900000, 0x0000000092a00000, 0x0000000092a00000|100%| E|CS|TAMS 0x0000000092900000, 0x0000000092900000| Complete 
| 270|0x0000000092a00000, 0x0000000092b00000, 0x0000000092b00000|100%| E|CS|TAMS 0x0000000092a00000, 0x0000000092a00000| Complete 
| 271|0x0000000092b00000, 0x0000000092c00000, 0x0000000092c00000|100%| E|CS|TAMS 0x0000000092b00000, 0x0000000092b00000| Complete 
| 272|0x0000000092c00000, 0x0000000092d00000, 0x0000000092d00000|100%| E|CS|TAMS 0x0000000092c00000, 0x0000000092c00000| Complete 
| 273|0x0000000092d00000, 0x0000000092e00000, 0x0000000092e00000|100%| E|CS|TAMS 0x0000000092d00000, 0x0000000092d00000| Complete 
| 274|0x0000000092e00000, 0x0000000092f00000, 0x0000000092f00000|100%| E|CS|TAMS 0x0000000092e00000, 0x0000000092e00000| Complete 
| 275|0x0000000092f00000, 0x0000000093000000, 0x0000000093000000|100%| E|CS|TAMS 0x0000000092f00000, 0x0000000092f00000| Complete 
| 276|0x0000000093000000, 0x0000000093100000, 0x0000000093100000|100%| E|CS|TAMS 0x0000000093000000, 0x0000000093000000| Complete 
| 277|0x0000000093100000, 0x0000000093200000, 0x0000000093200000|100%| E|CS|TAMS 0x0000000093100000, 0x0000000093100000| Complete 
| 278|0x0000000093200000, 0x0000000093300000, 0x0000000093300000|100%| E|CS|TAMS 0x0000000093200000, 0x0000000093200000| Complete 
| 279|0x0000000093300000, 0x0000000093400000, 0x0000000093400000|100%| E|CS|TAMS 0x0000000093300000, 0x0000000093300000| Complete 
| 280|0x0000000093400000, 0x0000000093500000, 0x0000000093500000|100%| E|CS|TAMS 0x0000000093400000, 0x0000000093400000| Complete 
| 281|0x0000000093500000, 0x0000000093600000, 0x0000000093600000|100%| E|CS|TAMS 0x0000000093500000, 0x0000000093500000| Complete 
| 282|0x0000000093600000, 0x0000000093700000, 0x0000000093700000|100%| E|CS|TAMS 0x0000000093600000, 0x0000000093600000| Complete 
| 283|0x0000000093700000, 0x0000000093800000, 0x0000000093800000|100%| E|CS|TAMS 0x0000000093700000, 0x0000000093700000| Complete 
| 284|0x0000000093800000, 0x0000000093900000, 0x0000000093900000|100%| E|CS|TAMS 0x0000000093800000, 0x0000000093800000| Complete 
| 285|0x0000000093900000, 0x0000000093a00000, 0x0000000093a00000|100%| E|CS|TAMS 0x0000000093900000, 0x0000000093900000| Complete 
| 286|0x0000000093a00000, 0x0000000093b00000, 0x0000000093b00000|100%| E|CS|TAMS 0x0000000093a00000, 0x0000000093a00000| Complete 
| 287|0x0000000093b00000, 0x0000000093c00000, 0x0000000093c00000|100%| E|CS|TAMS 0x0000000093b00000, 0x0000000093b00000| Complete 
| 288|0x0000000093c00000, 0x0000000093d00000, 0x0000000093d00000|100%| E|CS|TAMS 0x0000000093c00000, 0x0000000093c00000| Complete 
| 289|0x0000000093d00000, 0x0000000093e00000, 0x0000000093e00000|100%| E|CS|TAMS 0x0000000093d00000, 0x0000000093d00000| Complete 
| 290|0x0000000093e00000, 0x0000000093f00000, 0x0000000093f00000|100%| E|CS|TAMS 0x0000000093e00000, 0x0000000093e00000| Complete 
| 291|0x0000000093f00000, 0x0000000094000000, 0x0000000094000000|100%| E|CS|TAMS 0x0000000093f00000, 0x0000000093f00000| Complete 
| 292|0x0000000094000000, 0x0000000094100000, 0x0000000094100000|100%| E|CS|TAMS 0x0000000094000000, 0x0000000094000000| Complete 
| 293|0x0000000094100000, 0x0000000094200000, 0x0000000094200000|100%| E|CS|TAMS 0x0000000094100000, 0x0000000094100000| Complete 
| 294|0x0000000094200000, 0x0000000094300000, 0x0000000094300000|100%| E|CS|TAMS 0x0000000094200000, 0x0000000094200000| Complete 
| 295|0x0000000094300000, 0x0000000094400000, 0x0000000094400000|100%| E|CS|TAMS 0x0000000094300000, 0x0000000094300000| Complete 
| 296|0x0000000094400000, 0x0000000094500000, 0x0000000094500000|100%| E|CS|TAMS 0x0000000094400000, 0x0000000094400000| Complete 
| 297|0x0000000094500000, 0x0000000094600000, 0x0000000094600000|100%| E|CS|TAMS 0x0000000094500000, 0x0000000094500000| Complete 
| 298|0x0000000094600000, 0x0000000094700000, 0x0000000094700000|100%| E|CS|TAMS 0x0000000094600000, 0x0000000094600000| Complete 
| 299|0x0000000094700000, 0x0000000094800000, 0x0000000094800000|100%| E|CS|TAMS 0x0000000094700000, 0x0000000094700000| Complete 
| 300|0x0000000094800000, 0x0000000094900000, 0x0000000094900000|100%| E|CS|TAMS 0x0000000094800000, 0x0000000094800000| Complete 
| 301|0x0000000094900000, 0x0000000094a00000, 0x0000000094a00000|100%| E|CS|TAMS 0x0000000094900000, 0x0000000094900000| Complete 
| 302|0x0000000094a00000, 0x0000000094b00000, 0x0000000094b00000|100%| E|CS|TAMS 0x0000000094a00000, 0x0000000094a00000| Complete 
| 303|0x0000000094b00000, 0x0000000094c00000, 0x0000000094c00000|100%| E|CS|TAMS 0x0000000094b00000, 0x0000000094b00000| Complete 
| 304|0x0000000094c00000, 0x0000000094d00000, 0x0000000094d00000|100%| E|CS|TAMS 0x0000000094c00000, 0x0000000094c00000| Complete 
| 305|0x0000000094d00000, 0x0000000094e00000, 0x0000000094e00000|100%| E|CS|TAMS 0x0000000094d00000, 0x0000000094d00000| Complete 
| 306|0x0000000094e00000, 0x0000000094f00000, 0x0000000094f00000|100%| E|CS|TAMS 0x0000000094e00000, 0x0000000094e00000| Untracked 
| 307|0x0000000094f00000, 0x0000000094f00000, 0x0000000095000000|  0%| F|CS|TAMS 0x0000000094f00000, 0x0000000094f00000| Untracked 
| 308|0x0000000095000000, 0x0000000095000000, 0x0000000095100000|  0%| F|CS|TAMS 0x0000000095000000, 0x0000000095000000| Untracked 
| 309|0x0000000095100000, 0x0000000095100000, 0x0000000095200000|  0%| F|CS|TAMS 0x0000000095100000, 0x0000000095100000| Untracked 
| 310|0x0000000095200000, 0x0000000095200000, 0x0000000095300000|  0%| F|CS|TAMS 0x0000000095200000, 0x0000000095200000| Untracked 
| 311|0x0000000095300000, 0x0000000095300000, 0x0000000095400000|  0%| F|  |TAMS 0x0000000095300000, 0x0000000095300000| Untracked 
| 312|0x0000000095400000, 0x0000000095400000, 0x0000000095500000|  0%| F|  |TAMS 0x0000000095400000, 0x0000000095400000| Untracked 
| 313|0x0000000095500000, 0x0000000095500000, 0x0000000095600000|  0%| F|  |TAMS 0x0000000095500000, 0x0000000095500000| Untracked 
| 314|0x0000000095600000, 0x0000000095600000, 0x0000000095700000|  0%| F|  |TAMS 0x0000000095600000, 0x0000000095600000| Untracked 
| 315|0x0000000095700000, 0x0000000095700000, 0x0000000095800000|  0%| F|  |TAMS 0x0000000095700000, 0x0000000095700000| Untracked 
| 316|0x0000000095800000, 0x0000000095800000, 0x0000000095900000|  0%| F|  |TAMS 0x0000000095800000, 0x0000000095800000| Untracked 
| 317|0x0000000095900000, 0x0000000095900000, 0x0000000095a00000|  0%| F|  |TAMS 0x0000000095900000, 0x0000000095900000| Untracked 
| 318|0x0000000095a00000, 0x0000000095a00000, 0x0000000095b00000|  0%| F|  |TAMS 0x0000000095a00000, 0x0000000095a00000| Untracked 
| 319|0x0000000095b00000, 0x0000000095b00000, 0x0000000095c00000|  0%| F|  |TAMS 0x0000000095b00000, 0x0000000095b00000| Untracked 
| 320|0x0000000095c00000, 0x0000000095c00000, 0x0000000095d00000|  0%| F|  |TAMS 0x0000000095c00000, 0x0000000095c00000| Untracked 
| 321|0x0000000095d00000, 0x0000000095d00000, 0x0000000095e00000|  0%| F|  |TAMS 0x0000000095d00000, 0x0000000095d00000| Untracked 
| 322|0x0000000095e00000, 0x0000000095e00000, 0x0000000095f00000|  0%| F|  |TAMS 0x0000000095e00000, 0x0000000095e00000| Untracked 
| 323|0x0000000095f00000, 0x0000000095f00000, 0x0000000096000000|  0%| F|  |TAMS 0x0000000095f00000, 0x0000000095f00000| Untracked 
| 324|0x0000000096000000, 0x0000000096000000, 0x0000000096100000|  0%| F|  |TAMS 0x0000000096000000, 0x0000000096000000| Untracked 
| 325|0x0000000096100000, 0x0000000096100000, 0x0000000096200000|  0%| F|  |TAMS 0x0000000096100000, 0x0000000096100000| Untracked 
| 326|0x0000000096200000, 0x0000000096200000, 0x0000000096300000|  0%| F|  |TAMS 0x0000000096200000, 0x0000000096200000| Untracked 
| 327|0x0000000096300000, 0x0000000096300000, 0x0000000096400000|  0%| F|  |TAMS 0x0000000096300000, 0x0000000096300000| Untracked 
| 328|0x0000000096400000, 0x0000000096400000, 0x0000000096500000|  0%| F|  |TAMS 0x0000000096400000, 0x0000000096400000| Untracked 
| 329|0x0000000096500000, 0x0000000096500000, 0x0000000096600000|  0%| F|  |TAMS 0x0000000096500000, 0x0000000096500000| Untracked 
| 330|0x0000000096600000, 0x0000000096600000, 0x0000000096700000|  0%| F|  |TAMS 0x0000000096600000, 0x0000000096600000| Untracked 
| 331|0x0000000096700000, 0x0000000096700000, 0x0000000096800000|  0%| F|  |TAMS 0x0000000096700000, 0x0000000096700000| Untracked 
| 332|0x0000000096800000, 0x0000000096800000, 0x0000000096900000|  0%| F|  |TAMS 0x0000000096800000, 0x0000000096800000| Untracked 
| 333|0x0000000096900000, 0x0000000096900000, 0x0000000096a00000|  0%| F|  |TAMS 0x0000000096900000, 0x0000000096900000| Untracked 
| 334|0x0000000096a00000, 0x0000000096a80800, 0x0000000096b00000| 50%| E|  |TAMS 0x0000000096a00000, 0x0000000096a00000| Complete 

Card table byte_map: [0x0000027515a80000,0x0000027515e80000] _byte_map_base: 0x0000027515672000

Marking Bits (Prev, Next): (CMBitMap*) 0x0000027502edb1b0, (CMBitMap*) 0x0000027502edb1f0
 Prev Bits: [0x0000027516280000, 0x0000027518210000)
 Next Bits: [0x0000027518210000, 0x000002751a1a0000)

Polling page: 0x0000027500e60000

Metaspace:

Usage:
  Non-class:     53.44 MB used.
      Class:      6.94 MB used.
       Both:     60.37 MB used.

Virtual space:
  Non-class space:       64.00 MB reserved,      53.62 MB ( 84%) committed,  1 nodes.
      Class space:        1.00 GB reserved,       7.06 MB ( <1%) committed,  1 nodes.
             Both:        1.06 GB reserved,      60.69 MB (  6%) committed. 

Chunk freelists:
   Non-Class:  10.05 MB
       Class:  8.95 MB
        Both:  19.00 MB

MaxMetaspaceSize: unlimited
CompressedClassSpaceSize: 1.00 GB
Initial GC threshold: 21.00 MB
Current GC threshold: 80.31 MB
CDS: off
MetaspaceReclaimPolicy: balanced
 - commit_granule_bytes: 65536.
 - commit_granule_words: 8192.
 - virtual_space_node_default_size: 8388608.
 - enlarge_chunks_in_place: 1.
 - new_chunks_are_fully_committed: 0.
 - uncommit_free_chunks: 1.
 - use_allocation_guard: 0.
 - handle_deallocations: 1.


Internal statistics:

num_allocs_failed_limit: 3.
num_arena_births: 270.
num_arena_deaths: 0.
num_vsnodes_births: 2.
num_vsnodes_deaths: 0.
num_space_committed: 969.
num_space_uncommitted: 0.
num_chunks_returned_to_freelist: 3.
num_chunks_taken_from_freelist: 2229.
num_chunk_merges: 3.
num_chunk_splits: 1779.
num_chunks_enlarged: 1556.
num_inconsistent_stats: 0.

CodeHeap 'non-profiled nmethods': size=120000Kb used=5049Kb max_used=5049Kb free=114950Kb
 bounds [0x000002750de20000, 0x000002750e310000, 0x0000027515350000]
CodeHeap 'profiled nmethods': size=120000Kb used=22700Kb max_used=22700Kb free=97299Kb
 bounds [0x0000027506350000, 0x0000027507980000, 0x000002750d880000]
CodeHeap 'non-nmethods': size=5760Kb used=1296Kb max_used=1393Kb free=4464Kb
 bounds [0x000002750d880000, 0x000002750daf0000, 0x000002750de20000]
 total_blobs=8786 nmethods=8180 adapters=515
 compilation: enabled
              stopped_count=0, restarted_count=0
 full_count=0

Compilation events (20 events):
Event: 17.107 Thread 0x0000027521057760 nmethod 9688 0x000002750792e590 code [0x000002750792ea00, 0x0000027507930e38]
Event: 17.107 Thread 0x0000027521057760 9687       3       org.jetbrains.kotlin.load.java.typeEnhancement.AbstractSignatureParts::extractAndMergeDefaultQualifiers (14 bytes)
Event: 17.108 Thread 0x0000027521057760 nmethod 9687 0x0000027507931690 code [0x0000027507931900, 0x0000027507932408]
Event: 17.108 Thread 0x0000027521057760 9685       3       org.jetbrains.kotlin.load.java.typeEnhancement.AbstractSignatureParts$TypeAndDefaultQualifiers::<init> (20 bytes)
Event: 17.108 Thread 0x0000027521057760 nmethod 9685 0x0000027507932810 code [0x00000275079329c0, 0x0000027507932c38]
Event: 17.109 Thread 0x00000275225e9fd0 nmethod 9638 0x000002750e133910 code [0x000002750e133b60, 0x000002750e134290]
Event: 17.109 Thread 0x00000275225e9fd0 9560       4       kotlin.collections.CollectionsKt__MutableCollectionsKt::addAll (74 bytes)
Event: 17.112 Thread 0x0000027521057760 9689       3       org.jetbrains.kotlin.resolve.OverridingUtil::filterVisibleFakeOverrides (40 bytes)
Event: 17.112 Thread 0x0000027521057760 nmethod 9689 0x0000027507932d10 code [0x0000027507932f00, 0x00000275079332f8]
Event: 17.113 Thread 0x0000027521057760 9691       3       org.jetbrains.kotlin.resolve.OverridingUtil::determineModalityForFakeOverride (316 bytes)
Event: 17.115 Thread 0x0000027521057760 nmethod 9691 0x0000027507933490 code [0x0000027507933920, 0x0000027507935a58]
Event: 17.115 Thread 0x0000027521057760 9690       3       org.jetbrains.kotlin.resolve.OverridingUtil$5::<init> (10 bytes)
Event: 17.115 Thread 0x0000027521057760 nmethod 9690 0x0000027507936410 code [0x00000275079365a0, 0x0000027507936778]
Event: 17.115 Thread 0x0000027521057760 9692       3       org.jetbrains.kotlin.load.java.structure.impl.classFiles.PlainJavaClassifierType::isRaw (87 bytes)
Event: 17.116 Thread 0x0000027521057760 nmethod 9692 0x0000027507936810 code [0x0000027507936a40, 0x00000275079374f8]
Event: 17.116 Thread 0x0000027521057760 9693       1       org.jetbrains.kotlin.load.kotlin.TypeMappingMode::isForAnnotationParameter (5 bytes)
Event: 17.116 Thread 0x0000027521057760 nmethod 9693 0x000002750e133610 code [0x000002750e1337a0, 0x000002750e133878]
Event: 17.116 Thread 0x0000027521057760 9694       1       org.jetbrains.kotlin.load.java.lazy.descriptors.LazyJavaClassDescriptor::getValueClassRepresentation (2 bytes)
Event: 17.116 Thread 0x0000027521057760 nmethod 9694 0x000002750e133310 code [0x000002750e1334a0, 0x000002750e133578]
Event: 17.117 Thread 0x0000027521057760 9695       1       org.jetbrains.kotlin.load.java.structure.impl.classFiles.BinaryJavaMethodBase::getTypeParameters (5 bytes)

GC Heap History (20 events):
Event: 8.324 GC heap before
{Heap before GC invocations=13 (full 0):
 garbage-first heap   total 82944K, used 61440K [0x0000000081c00000, 0x0000000100000000)
  region size 1024K, 27 young (27648K), 3 survivors (3072K)
 Metaspace       used 48422K, committed 48704K, reserved 1114112K
  class space    used 5865K, committed 6016K, reserved 1048576K
}
Event: 8.343 GC heap after
{Heap after GC invocations=14 (full 0):
 garbage-first heap   total 82944K, used 42349K [0x0000000081c00000, 0x0000000100000000)
  region size 1024K, 4 young (4096K), 4 survivors (4096K)
 Metaspace       used 48422K, committed 48704K, reserved 1114112K
  class space    used 5865K, committed 6016K, reserved 1048576K
}
Event: 8.555 GC heap before
{Heap before GC invocations=14 (full 0):
 garbage-first heap   total 82944K, used 61805K [0x0000000081c00000, 0x0000000100000000)
  region size 1024K, 23 young (23552K), 4 survivors (4096K)
 Metaspace       used 48965K, committed 49280K, reserved 1114112K
  class space    used 5911K, committed 6080K, reserved 1048576K
}
Event: 8.567 GC heap after
{Heap after GC invocations=15 (full 0):
 garbage-first heap   total 82944K, used 43398K [0x0000000081c00000, 0x0000000100000000)
  region size 1024K, 2 young (2048K), 2 survivors (2048K)
 Metaspace       used 48965K, committed 49280K, reserved 1114112K
  class space    used 5911K, committed 6080K, reserved 1048576K
}
Event: 8.897 GC heap before
{Heap before GC invocations=16 (full 0):
 garbage-first heap   total 82944K, used 65926K [0x0000000081c00000, 0x0000000100000000)
  region size 1024K, 22 young (22528K), 2 survivors (2048K)
 Metaspace       used 49084K, committed 49344K, reserved 1114112K
  class space    used 5917K, committed 6080K, reserved 1048576K
}
Event: 8.907 GC heap after
{Heap after GC invocations=17 (full 0):
 garbage-first heap   total 82944K, used 47655K [0x0000000081c00000, 0x0000000100000000)
  region size 1024K, 3 young (3072K), 3 survivors (3072K)
 Metaspace       used 49084K, committed 49344K, reserved 1114112K
  class space    used 5917K, committed 6080K, reserved 1048576K
}
Event: 8.955 GC heap before
{Heap before GC invocations=17 (full 0):
 garbage-first heap   total 82944K, used 48679K [0x0000000081c00000, 0x0000000100000000)
  region size 1024K, 4 young (4096K), 3 survivors (3072K)
 Metaspace       used 49084K, committed 49344K, reserved 1114112K
  class space    used 5917K, committed 6080K, reserved 1048576K
}
Event: 8.963 GC heap after
{Heap after GC invocations=18 (full 0):
 garbage-first heap   total 82944K, used 47343K [0x0000000081c00000, 0x0000000100000000)
  region size 1024K, 1 young (1024K), 1 survivors (1024K)
 Metaspace       used 49084K, committed 49344K, reserved 1114112K
  class space    used 5917K, committed 6080K, reserved 1048576K
}
Event: 9.268 GC heap before
{Heap before GC invocations=18 (full 0):
 garbage-first heap   total 82944K, used 64751K [0x0000000081c00000, 0x0000000100000000)
  region size 1024K, 18 young (18432K), 1 survivors (1024K)
 Metaspace       used 49084K, committed 49344K, reserved 1114112K
  class space    used 5917K, committed 6080K, reserved 1048576K
}
Event: 9.272 GC heap after
{Heap after GC invocations=19 (full 0):
 garbage-first heap   total 139264K, used 48275K [0x0000000081c00000, 0x0000000100000000)
  region size 1024K, 2 young (2048K), 2 survivors (2048K)
 Metaspace       used 49084K, committed 49344K, reserved 1114112K
  class space    used 5917K, committed 6080K, reserved 1048576K
}
Event: 9.655 GC heap before
{Heap before GC invocations=20 (full 0):
 garbage-first heap   total 139264K, used 102547K [0x0000000081c00000, 0x0000000100000000)
  region size 1024K, 55 young (56320K), 2 survivors (2048K)
 Metaspace       used 49093K, committed 49344K, reserved 1114112K
  class space    used 5918K, committed 6080K, reserved 1048576K
}
Event: 9.665 GC heap after
{Heap after GC invocations=21 (full 0):
 garbage-first heap   total 139264K, used 53636K [0x0000000081c00000, 0x0000000100000000)
  region size 1024K, 7 young (7168K), 7 survivors (7168K)
 Metaspace       used 49093K, committed 49344K, reserved 1114112K
  class space    used 5918K, committed 6080K, reserved 1048576K
}
Event: 9.668 GC heap before
{Heap before GC invocations=21 (full 0):
 garbage-first heap   total 139264K, used 54660K [0x0000000081c00000, 0x0000000100000000)
  region size 1024K, 8 young (8192K), 7 survivors (7168K)
 Metaspace       used 49093K, committed 49344K, reserved 1114112K
  class space    used 5918K, committed 6080K, reserved 1048576K
}
Event: 9.676 GC heap after
{Heap after GC invocations=22 (full 0):
 garbage-first heap   total 139264K, used 53503K [0x0000000081c00000, 0x0000000100000000)
  region size 1024K, 1 young (1024K), 1 survivors (1024K)
 Metaspace       used 49093K, committed 49344K, reserved 1114112K
  class space    used 5918K, committed 6080K, reserved 1048576K
}
Event: 10.239 GC heap before
{Heap before GC invocations=22 (full 0):
 garbage-first heap   total 139264K, used 105727K [0x0000000081c00000, 0x0000000100000000)
  region size 1024K, 52 young (53248K), 1 survivors (1024K)
 Metaspace       used 50692K, committed 50944K, reserved 1114112K
  class space    used 6083K, committed 6208K, reserved 1048576K
}
Event: 10.255 GC heap after
{Heap after GC invocations=23 (full 0):
 garbage-first heap   total 139264K, used 61440K [0x0000000081c00000, 0x0000000100000000)
  region size 1024K, 7 young (7168K), 7 survivors (7168K)
 Metaspace       used 50692K, committed 50944K, reserved 1114112K
  class space    used 6083K, committed 6208K, reserved 1048576K
}
Event: 11.595 GC heap before
{Heap before GC invocations=23 (full 0):
 garbage-first heap   total 139264K, used 107520K [0x0000000081c00000, 0x0000000100000000)
  region size 1024K, 52 young (53248K), 7 survivors (7168K)
 Metaspace       used 50933K, committed 51200K, reserved 1114112K
  class space    used 6092K, committed 6208K, reserved 1048576K
}
Event: 11.614 GC heap after
{Heap after GC invocations=24 (full 0):
 garbage-first heap   total 139264K, used 67200K [0x0000000081c00000, 0x0000000100000000)
  region size 1024K, 6 young (6144K), 6 survivors (6144K)
 Metaspace       used 50933K, committed 51200K, reserved 1114112K
  class space    used 6092K, committed 6208K, reserved 1048576K
}
Event: 11.836 GC heap before
{Heap before GC invocations=24 (full 0):
 garbage-first heap   total 139264K, used 109184K [0x0000000081c00000, 0x0000000100000000)
  region size 1024K, 47 young (48128K), 6 survivors (6144K)
 Metaspace       used 50938K, committed 51200K, reserved 1114112K
  class space    used 6092K, committed 6208K, reserved 1048576K
}
Event: 11.851 GC heap after
{Heap after GC invocations=25 (full 0):
 garbage-first heap   total 343040K, used 72085K [0x0000000081c00000, 0x0000000100000000)
  region size 1024K, 5 young (5120K), 5 survivors (5120K)
 Metaspace       used 50938K, committed 51200K, reserved 1114112K
  class space    used 6092K, committed 6208K, reserved 1048576K
}

Dll operation events (2 events):
Event: 0.011 Loaded shared library C:\Program Files\Android\Android Studio2024\jbr\bin\java.dll
Event: 3.196 Loaded shared library C:\Program Files\Android\Android Studio2024\jbr\bin\verify.dll

Deoptimization events (20 events):
Event: 16.957 Thread 0x0000027502e7e7b0 Uncommon trap: trap_request=0xffffffde fr.pc=0x000002750e1eb7f8 relative=0x00000000000000d8
Event: 16.957 Thread 0x0000027502e7e7b0 Uncommon trap: reason=class_check action=maybe_recompile pc=0x000002750e1eb7f8 method=org.jetbrains.kotlin.types.model.TypeSystemContext.lowerBoundIfFlexible(Lorg/jetbrains/kotlin/types/model/KotlinTypeMarker;)Lorg/jetbrains/kotlin/types/model/SimpleTypeM
Event: 16.957 Thread 0x0000027502e7e7b0 DEOPT PACKING pc=0x000002750e1eb7f8 sp=0x00000098ca4fcb90
Event: 16.957 Thread 0x0000027502e7e7b0 DEOPT UNPACKING pc=0x000002750d8d69a3 sp=0x00000098ca4fcb28 mode 2
Event: 16.957 Thread 0x0000027502e7e7b0 Uncommon trap: trap_request=0xffffffde fr.pc=0x000002750e1eb7f8 relative=0x00000000000000d8
Event: 16.957 Thread 0x0000027502e7e7b0 Uncommon trap: reason=class_check action=maybe_recompile pc=0x000002750e1eb7f8 method=org.jetbrains.kotlin.types.model.TypeSystemContext.lowerBoundIfFlexible(Lorg/jetbrains/kotlin/types/model/KotlinTypeMarker;)Lorg/jetbrains/kotlin/types/model/SimpleTypeM
Event: 16.957 Thread 0x0000027502e7e7b0 DEOPT PACKING pc=0x000002750e1eb7f8 sp=0x00000098ca4fcc00
Event: 16.957 Thread 0x0000027502e7e7b0 DEOPT UNPACKING pc=0x000002750d8d69a3 sp=0x00000098ca4fcb98 mode 2
Event: 16.957 Thread 0x0000027502e7e7b0 Uncommon trap: trap_request=0xffffffde fr.pc=0x000002750e1eb7f8 relative=0x00000000000000d8
Event: 16.957 Thread 0x0000027502e7e7b0 Uncommon trap: reason=class_check action=maybe_recompile pc=0x000002750e1eb7f8 method=org.jetbrains.kotlin.types.model.TypeSystemContext.lowerBoundIfFlexible(Lorg/jetbrains/kotlin/types/model/KotlinTypeMarker;)Lorg/jetbrains/kotlin/types/model/SimpleTypeM
Event: 16.957 Thread 0x0000027502e7e7b0 DEOPT PACKING pc=0x000002750e1eb7f8 sp=0x00000098ca4fcb50
Event: 16.957 Thread 0x0000027502e7e7b0 DEOPT UNPACKING pc=0x000002750d8d69a3 sp=0x00000098ca4fcae8 mode 2
Event: 17.035 Thread 0x0000027502e7e7b0 Uncommon trap: trap_request=0x00000061 fr.pc=0x000002750e2e5d4c relative=0x0000000000000a8c
Event: 17.035 Thread 0x0000027502e7e7b0 Uncommon trap: reason=unloaded action=reinterpret pc=0x000002750e2e5d4c method=org.jetbrains.kotlin.utils.SmartSet.add(Ljava/lang/Object;)Z @ 186 c2
Event: 17.035 Thread 0x0000027502e7e7b0 DEOPT PACKING pc=0x000002750e2e5d4c sp=0x00000098ca4fc610
Event: 17.035 Thread 0x0000027502e7e7b0 DEOPT UNPACKING pc=0x000002750d8d69a3 sp=0x00000098ca4fc578 mode 2
Event: 17.035 Thread 0x0000027502e7e7b0 Uncommon trap: trap_request=0xffffff45 fr.pc=0x000002750e2e70e4 relative=0x0000000000001e24
Event: 17.035 Thread 0x0000027502e7e7b0 Uncommon trap: reason=unstable_if action=reinterpret pc=0x000002750e2e70e4 method=org.jetbrains.kotlin.types.TypeUtils.contains(Lorg/jetbrains/kotlin/types/KotlinType;Lkotlin/jvm/functions/Function1;Lorg/jetbrains/kotlin/utils/SmartSet;)Z @ 50 c2
Event: 17.035 Thread 0x0000027502e7e7b0 DEOPT PACKING pc=0x000002750e2e70e4 sp=0x00000098ca4fc6e0
Event: 17.035 Thread 0x0000027502e7e7b0 DEOPT UNPACKING pc=0x000002750d8d69a3 sp=0x00000098ca4fc638 mode 2

Classes unloaded (0 events):
No events

Classes redefined (0 events):
No events

Internal exceptions (20 events):
Event: 6.375 Thread 0x0000027502e7e7b0 Exception <a 'java/lang/NoSuchMethodError'{0x0000000085201258}: 'java.lang.Object java.lang.invoke.DirectMethodHandle$Holder.newInvokeSpecial(java.lang.Object, java.lang.Object, int)'> (0x0000000085201258) 
thrown [s\src\hotspot\share\interpreter\linkResolver.cpp, line 771]
Event: 6.432 Thread 0x0000027502e7e7b0 Implicit null exception at 0x000002750df86281 to 0x000002750df864b0
Event: 7.084 Thread 0x0000027502e7e7b0 Implicit null exception at 0x000002750df8774c to 0x000002750df87840
Event: 7.092 Thread 0x0000027502e7e7b0 Implicit null exception at 0x000002750dfa9320 to 0x000002750dfab874
Event: 7.355 Thread 0x0000027502e7e7b0 Exception <a 'java/lang/NoSuchMethodError'{0x00000000859cbf40}: 'java.lang.Object java.lang.invoke.DirectMethodHandle$Holder.newInvokeSpecial(java.lang.Object, java.lang.Object, java.lang.Object, int)'> (0x00000000859cbf40) 
thrown [s\src\hotspot\share\interpreter\linkResolver.cpp, line 771]
Event: 7.355 Thread 0x0000027502e7e7b0 Exception <a 'java/lang/NoSuchMethodError'{0x00000000859d05c8}: 'java.lang.Object java.lang.invoke.DirectMethodHandle$Holder.invokeSpecial(java.lang.Object, java.lang.Object, java.lang.Object, java.lang.Object, int)'> (0x00000000859d05c8) 
thrown [s\src\hotspot\share\interpreter\linkResolver.cpp, line 771]
Event: 7.356 Thread 0x0000027502e7e7b0 Exception <a 'java/lang/NoSuchMethodError'{0x00000000859d4438}: 'java.lang.Object java.lang.invoke.Invokers$Holder.linkToTargetMethod(java.lang.Object, java.lang.Object, int, java.lang.Object)'> (0x00000000859d4438) 
thrown [s\src\hotspot\share\interpreter\linkResolver.cpp, line 771]
Event: 12.456 Thread 0x0000027502e7e7b0 Exception <a 'java/lang/NoSuchMethodError'{0x0000000092fabac0}: 'java.lang.Object java.lang.invoke.DirectMethodHandle$Holder.newInvokeSpecial(java.lang.Object, java.lang.Object, java.lang.Object, java.lang.Object, java.lang.Object, java.lang.Object)'> (0x0000000092fabac0) 
thrown [s\src\hotspot\share\interpreter\linkResolver.cpp, line 771]
Event: 12.482 Thread 0x0000027502e7e7b0 Implicit null exception at 0x000002750e0db960 to 0x000002750e0dbe9c
Event: 12.482 Thread 0x0000027502e7e7b0 Implicit null exception at 0x000002750e0dc78f to 0x000002750e0dc7cc
Event: 12.716 Thread 0x0000027502e7e7b0 Exception <a 'java/lang/NoSuchMethodError'{0x00000000928ac598}: 'java.lang.Object java.lang.invoke.DirectMethodHandle$Holder.invokeStatic(java.lang.Object, java.lang.Object, java.lang.Object, java.lang.Object, int)'> (0x00000000928ac598) 
thrown [s\src\hotspot\share\interpreter\linkResolver.cpp, line 771]
Event: 12.717 Thread 0x0000027502e7e7b0 Exception <a 'java/lang/NoSuchMethodError'{0x00000000928b5ee0}: 'java.lang.Object java.lang.invoke.DirectMethodHandle$Holder.newInvokeSpecial(java.lang.Object, java.lang.Object, java.lang.Object, java.lang.Object, int)'> (0x00000000928b5ee0) 
thrown [s\src\hotspot\share\interpreter\linkResolver.cpp, line 771]
Event: 12.718 Thread 0x0000027502e7e7b0 Exception <a 'java/lang/NoSuchMethodError'{0x00000000928bdfb0}: 'java.lang.Object java.lang.invoke.Invokers$Holder.linkToTargetMethod(java.lang.Object, java.lang.Object, java.lang.Object, int, java.lang.Object)'> (0x00000000928bdfb0) 
thrown [s\src\hotspot\share\interpreter\linkResolver.cpp, line 771]
Event: 12.835 Thread 0x0000027502e7e7b0 Implicit null exception at 0x000002750e17e6d5 to 0x000002750e17e8dc
Event: 12.942 Thread 0x0000027502e7e7b0 Exception <a 'java/lang/NoSuchMethodError'{0x0000000092266090}: 'int java.lang.invoke.DirectMethodHandle$Holder.invokeStaticInit(java.lang.Object, int)'> (0x0000000092266090) 
thrown [s\src\hotspot\share\interpreter\linkResolver.cpp, line 771]
Event: 13.278 Thread 0x0000027502e7e7b0 Implicit null exception at 0x000002750e0dd020 to 0x000002750e0dd358
Event: 13.281 Thread 0x0000027502e7e7b0 Implicit null exception at 0x000002750e03066f to 0x000002750e03085c
Event: 14.240 Thread 0x0000027502e7e7b0 Exception <a 'java/lang/NoSuchMethodError'{0x000000008fe5cb60}: 'int java.lang.invoke.DirectMethodHandle$Holder.invokeInterface(java.lang.Object, java.lang.Object)'> (0x000000008fe5cb60) 
thrown [s\src\hotspot\share\interpreter\linkResolver.cpp, line 771]
Event: 15.422 Thread 0x0000027502e7e7b0 Implicit null exception at 0x000002750e017ec0 to 0x000002750e018a90
Event: 15.422 Thread 0x0000027502e7e7b0 Implicit null exception at 0x000002750deb2c0f to 0x000002750deb2c89

VM Operations (20 events):
Event: 15.436 Executing VM operation: HandshakeAllThreads
Event: 15.436 Executing VM operation: HandshakeAllThreads done
Event: 15.437 Executing VM operation: HandshakeAllThreads
Event: 15.437 Executing VM operation: HandshakeAllThreads done
Event: 15.439 Executing VM operation: HandshakeAllThreads
Event: 15.439 Executing VM operation: HandshakeAllThreads done
Event: 15.544 Executing VM operation: ICBufferFull
Event: 15.544 Executing VM operation: ICBufferFull done
Event: 15.826 Executing VM operation: ICBufferFull
Event: 15.826 Executing VM operation: ICBufferFull done
Event: 15.978 Executing VM operation: ICBufferFull
Event: 15.978 Executing VM operation: ICBufferFull done
Event: 16.013 Executing VM operation: ICBufferFull
Event: 16.013 Executing VM operation: ICBufferFull done
Event: 16.363 Executing VM operation: ICBufferFull
Event: 16.363 Executing VM operation: ICBufferFull done
Event: 16.665 Executing VM operation: ICBufferFull
Event: 16.665 Executing VM operation: ICBufferFull done
Event: 16.927 Executing VM operation: ICBufferFull
Event: 16.927 Executing VM operation: ICBufferFull done

Events (20 events):
Event: 15.316 Thread 0x0000027521069a90 flushing nmethod 0x0000027507180d10
Event: 15.316 Thread 0x0000027521069a90 flushing nmethod 0x00000275071d2d90
Event: 15.449 loading class jdk/internal/math/FloatingDecimal
Event: 15.449 loading class jdk/internal/math/FloatingDecimal done
Event: 15.450 loading class jdk/internal/math/FloatingDecimal$ExceptionalBinaryToASCIIBuffer
Event: 15.450 loading class jdk/internal/math/FloatingDecimal$BinaryToASCIIConverter
Event: 15.450 loading class jdk/internal/math/FloatingDecimal$BinaryToASCIIConverter done
Event: 15.450 loading class jdk/internal/math/FloatingDecimal$ExceptionalBinaryToASCIIBuffer done
Event: 15.450 loading class jdk/internal/math/FloatingDecimal$BinaryToASCIIBuffer
Event: 15.450 loading class jdk/internal/math/FloatingDecimal$BinaryToASCIIBuffer done
Event: 15.450 loading class jdk/internal/math/FloatingDecimal$1
Event: 15.450 loading class jdk/internal/math/FloatingDecimal$1 done
Event: 15.450 loading class jdk/internal/math/FloatingDecimal$PreparedASCIIToBinaryBuffer
Event: 15.450 loading class jdk/internal/math/FloatingDecimal$ASCIIToBinaryConverter
Event: 15.450 loading class jdk/internal/math/FloatingDecimal$ASCIIToBinaryConverter done
Event: 15.450 loading class jdk/internal/math/FloatingDecimal$PreparedASCIIToBinaryBuffer done
Event: 15.450 loading class jdk/internal/math/FloatingDecimal$ASCIIToBinaryBuffer
Event: 15.451 loading class jdk/internal/math/FloatingDecimal$ASCIIToBinaryBuffer done
Event: 15.480 loading class java/util/concurrent/locks/AbstractQueuedSynchronizer$Node
Event: 15.480 loading class java/util/concurrent/locks/AbstractQueuedSynchronizer$Node done


Dynamic libraries:
0x00007ff7008f0000 - 0x00007ff7008fa000 	C:\Program Files\Android\Android Studio2024\jbr\bin\java.exe
0x00007ff9928b0000 - 0x00007ff992ac7000 	C:\WINDOWS\SYSTEM32\ntdll.dll
0x00007ff992180000 - 0x00007ff992244000 	C:\WINDOWS\System32\KERNEL32.DLL
0x00007ff990030000 - 0x00007ff9903e7000 	C:\WINDOWS\System32\KERNELBASE.dll
0x00007ff98fbc0000 - 0x00007ff98fcd1000 	C:\WINDOWS\System32\ucrtbase.dll
0x00007ff988f10000 - 0x00007ff988f27000 	C:\Program Files\Android\Android Studio2024\jbr\bin\jli.dll
0x00007ff9918c0000 - 0x00007ff991a6f000 	C:\WINDOWS\System32\USER32.dll
0x00007ff979d90000 - 0x00007ff979dab000 	C:\Program Files\Android\Android Studio2024\jbr\bin\VCRUNTIME140.dll
0x00007ff97d440000 - 0x00007ff97d6d3000 	C:\WINDOWS\WinSxS\amd64_microsoft.windows.common-controls_6595b64144ccf1df_6.0.22621.3672_none_2713b9d173822955\COMCTL32.dll
0x00007ff9903f0000 - 0x00007ff990416000 	C:\WINDOWS\System32\win32u.dll
0x00007ff990800000 - 0x00007ff990829000 	C:\WINDOWS\System32\GDI32.dll
0x00007ff992010000 - 0x00007ff9920b7000 	C:\WINDOWS\System32\msvcrt.dll
0x00007ff98fe50000 - 0x00007ff98ff68000 	C:\WINDOWS\System32\gdi32full.dll
0x00007ff990450000 - 0x00007ff9904ea000 	C:\WINDOWS\System32\msvcp_win.dll
0x00007ff9920c0000 - 0x00007ff9920f1000 	C:\WINDOWS\System32\IMM32.DLL
0x00007ff989280000 - 0x00007ff98928c000 	C:\Program Files\Android\Android Studio2024\jbr\bin\vcruntime140_1.dll
0x00007ff953100000 - 0x00007ff95318d000 	C:\Program Files\Android\Android Studio2024\jbr\bin\msvcp140.dll
0x00007ff942970000 - 0x00007ff9435f3000 	C:\Program Files\Android\Android Studio2024\jbr\bin\server\jvm.dll
0x00007ff992250000 - 0x00007ff992302000 	C:\WINDOWS\System32\ADVAPI32.dll
0x00007ff991520000 - 0x00007ff9915c8000 	C:\WINDOWS\System32\sechost.dll
0x00007ff990420000 - 0x00007ff990448000 	C:\WINDOWS\System32\bcrypt.dll
0x00007ff991e00000 - 0x00007ff991f14000 	C:\WINDOWS\System32\RPCRT4.dll
0x00007ff98ea70000 - 0x00007ff98eabd000 	C:\WINDOWS\SYSTEM32\POWRPROF.dll
0x00007ff97d070000 - 0x00007ff97d079000 	C:\WINDOWS\SYSTEM32\WSOCK32.dll
0x00007ff98a4e0000 - 0x00007ff98a514000 	C:\WINDOWS\SYSTEM32\WINMM.dll
0x00007ff9927f0000 - 0x00007ff992861000 	C:\WINDOWS\System32\WS2_32.dll
0x00007ff986b00000 - 0x00007ff986b0a000 	C:\WINDOWS\SYSTEM32\VERSION.dll
0x00007ff98ea50000 - 0x00007ff98ea63000 	C:\WINDOWS\SYSTEM32\UMPDC.dll
0x00007ff98ed00000 - 0x00007ff98ed18000 	C:\WINDOWS\SYSTEM32\kernel.appcore.dll
0x00007ff98afa0000 - 0x00007ff98afaa000 	C:\Program Files\Android\Android Studio2024\jbr\bin\jimage.dll
0x00007ff98cca0000 - 0x00007ff98ced2000 	C:\WINDOWS\SYSTEM32\DBGHELP.DLL
0x00007ff991a70000 - 0x00007ff991dfe000 	C:\WINDOWS\System32\combase.dll
0x00007ff9915d0000 - 0x00007ff9916a7000 	C:\WINDOWS\System32\OLEAUT32.dll
0x00007ff988bf0000 - 0x00007ff988c22000 	C:\WINDOWS\SYSTEM32\dbgcore.DLL
0x00007ff9904f0000 - 0x00007ff99056b000 	C:\WINDOWS\System32\bcryptPrimitives.dll
0x00007ff988f40000 - 0x00007ff988f65000 	C:\Program Files\Android\Android Studio2024\jbr\bin\java.dll
0x00007ff986f90000 - 0x00007ff986fa8000 	C:\Program Files\Android\Android Studio2024\jbr\bin\zip.dll
0x00007ff990830000 - 0x00007ff991099000 	C:\WINDOWS\System32\SHELL32.dll
0x00007ff98db40000 - 0x00007ff98e43f000 	C:\WINDOWS\SYSTEM32\windows.storage.dll
0x00007ff98da00000 - 0x00007ff98db3f000 	C:\WINDOWS\SYSTEM32\wintypes.dll
0x00007ff9925c0000 - 0x00007ff9926b9000 	C:\WINDOWS\System32\SHCORE.dll
0x00007ff9905e0000 - 0x00007ff99063e000 	C:\WINDOWS\System32\shlwapi.dll
0x00007ff98faf0000 - 0x00007ff98fb17000 	C:\WINDOWS\SYSTEM32\profapi.dll
0x00007ff97bd20000 - 0x00007ff97bd39000 	C:\Program Files\Android\Android Studio2024\jbr\bin\net.dll
0x00007ff98a710000 - 0x00007ff98a846000 	C:\WINDOWS\SYSTEM32\WINHTTP.dll
0x00007ff98f170000 - 0x00007ff98f1d9000 	C:\WINDOWS\system32\mswsock.dll
0x00007ff979e40000 - 0x00007ff979e56000 	C:\Program Files\Android\Android Studio2024\jbr\bin\nio.dll
0x00007ff986c40000 - 0x00007ff986c50000 	C:\Program Files\Android\Android Studio2024\jbr\bin\verify.dll

dbghelp: loaded successfully - version: 4.0.5 - missing functions: none
symbol engine: initialized successfully - sym options: 0x614 - pdb path: .;C:\Program Files\Android\Android Studio2024\jbr\bin;C:\WINDOWS\SYSTEM32;C:\WINDOWS\WinSxS\amd64_microsoft.windows.common-controls_6595b64144ccf1df_6.0.22621.3672_none_2713b9d173822955;C:\Program Files\Android\Android Studio2024\jbr\bin\server

VM Arguments:
java_command: org.jetbrains.kotlin.cli.jvm.K2JVMCompiler @C:\Users\44782\AndroidStudioProjects\MECCA - 15-10-24\app\build\20241110_17503919326270936997.compiler.options
java_class_path (initial): C:\Users\44782\.gradle\caches\modules-2\files-2.1\org.jetbrains.kotlin\kotlin-compiler-embeddable\1.9.0\2c8c3a7402becca891f12739b3e9fd2dc2adbd7a\kotlin-compiler-embeddable-1.9.0.jar;C:\Users\44782\.gradle\caches\modules-2\files-2.1\org.jetbrains.kotlin\kotlin-stdlib\1.9.0\8ee15ef0c67dc83d874f412d84378d7f0eb50b63\kotlin-stdlib-1.9.0.jar;C:\Users\44782\.gradle\caches\modules-2\files-2.1\org.jetbrains.kotlin\kotlin-script-runtime\1.9.0\4b3102cbbb7e1b58d9d1adf89563f00069ffa7d1\kotlin-script-runtime-1.9.0.jar;C:\Users\44782\.gradle\caches\modules-2\files-2.1\org.jetbrains.kotlin\kotlin-reflect\1.6.10\1cbe9c92c12a94eea200d23c2bbaedaf3daf5132\kotlin-reflect-1.6.10.jar;C:\Users\44782\.gradle\caches\modules-2\files-2.1\org.jetbrains.kotlin\kotlin-daemon-embeddable\1.9.0\186543f5e28cf8d9a0290fecc2cf34301c40a65c\kotlin-daemon-embeddable-1.9.0.jar;C:\Users\44782\.gradle\caches\modules-2\files-2.1\org.jetbrains.intellij.deps\trove4j\1.0.20200330\3afb14d5f9ceb459d724e907a21145e8ff394f02\trove4j-1.0.20200330.jar;C:\Users\44782\.gradle\caches\modules-2\files-2.1\org.jetbrains.kotlin\kotlin-stdlib-common\1.9.0\cd65c21cfd1eec4d44ef09f9f52b6d9f8a720636\kotlin-stdlib-common-1.9.0.jar;C:\Users\44782\.gradle\caches\modules-2\files-2.1\org.jetbrains\annotations\13.0\919f0dfe192fb4e063e7dacadee7f8bb9a2672a9\annotations-13.0.jar
Launcher Type: SUN_STANDARD

[Global flags]
     intx CICompilerCount                          = 4                                         {product} {ergonomic}
     uint ConcGCThreads                            = 2                                         {product} {ergonomic}
     uint G1ConcRefinementThreads                  = 8                                         {product} {ergonomic}
   size_t G1HeapRegionSize                         = 1048576                                   {product} {ergonomic}
    uintx GCDrainStackTargetSize                   = 64                                        {product} {ergonomic}
   size_t InitialHeapSize                          = 134217728                                 {product} {ergonomic}
   size_t MarkStackSize                            = 4194304                                   {product} {ergonomic}
   size_t MaxHeapSize                              = 2118123520                                {product} {ergonomic}
   size_t MaxNewSize                               = 1270874112                                {product} {ergonomic}
   size_t MinHeapDeltaBytes                        = 1048576                                   {product} {ergonomic}
   size_t MinHeapSize                              = 8388608                                   {product} {ergonomic}
    uintx NonNMethodCodeHeapSize                   = 5839372                                {pd product} {ergonomic}
    uintx NonProfiledCodeHeapSize                  = 122909434                              {pd product} {ergonomic}
    uintx ProfiledCodeHeapSize                     = 122909434                              {pd product} {ergonomic}
    uintx ReservedCodeCacheSize                    = 251658240                              {pd product} {ergonomic}
     bool SegmentedCodeCache                       = true                                      {product} {ergonomic}
   size_t SoftMaxHeapSize                          = 2118123520                             {manageable} {ergonomic}
     bool UseCompressedClassPointers               = true                           {product lp64_product} {ergonomic}
     bool UseCompressedOops                        = true                           {product lp64_product} {ergonomic}
     bool UseG1GC                                  = true                                      {product} {ergonomic}
     bool UseLargePagesIndividualAllocation        = false                                  {pd product} {ergonomic}

Logging:
Log output configuration:
 #0: stdout all=warning uptime,level,tags
 #1: stderr all=off uptime,level,tags

Environment Variables:
PATH=C:\Program Files (x86)\Intel\Intel(R) Management Engine Components\iCLS\;C:\Program Files\Intel\Intel(R) Management Engine Components\iCLS\;C:\WINDOWS\system32;C:\WINDOWS;C:\WINDOWS\System32\Wbem;C:\WINDOWS\System32\WindowsPowerShell\v1.0\;C:\WINDOWS\System32\OpenSSH\;C:\Program Files (x86)\Intel\Intel(R) Management Engine Components\DAL;C:\Program Files\Intel\Intel(R) Management Engine Components\DAL;C:\Program Files (x86)\Intel\Intel(R) Management Engine Components\IPT;C:\Program Files\Intel\Intel(R) Management Engine Components\IPT;C:\Program Files (x86)\Schneider Electric\SoMachine Software\Tools\ConfigurationManager\;C:\Program Files\Microsoft SQL Server\120\Tools\Binn\;C:\Program Files\dotnet\;C:\WINDOWS\system32;C:\WINDOWS;C:\WINDOWS\System32\Wbem;C:\WINDOWS\System32\WindowsPowerShell\v1.0\;C:\WINDOWS\System32\OpenSSH\;C:\Program Files (x86)\Microsoft SQL Server\160\Tools\Binn\;C:\Program Files\Microsoft SQL Server\160\Tools\Binn\;C:\Program Files\Microsoft SQL Server\Client SDK\ODBC\170\Tools\Binn\;C:\Program Files\Microsoft SQL Server\160\DTS\Binn\;C:\Program Files (x86)\Microsoft SQL Server\160\DTS\Binn\;C:\Program Files\Microsoft SQL Server\150\Tools\Binn\;C:\Program Files\MySQL\MySQL Shell 8.0\bin\;C:\Users\44782\AppData\Local\Programs\Python\Python37-32\Scripts\;C:\Users\44782\AppData\Local\Programs\Python\Python37-32\;C:\Users\44782\AppData\Local\Microsoft\WindowsApps;;C:\Users\44782\AppData\Local\Programs\Microsoft VS Code\bin;C:\Users\44782\.dotnet\tools
USERNAME=44782
OS=Windows_NT
PROCESSOR_IDENTIFIER=Intel64 Family 6 Model 142 Stepping 10, GenuineIntel
TMP=C:\Users\44782\AppData\Local\Temp
TEMP=C:\Users\44782\AppData\Local\Temp



Periodic native trim disabled

JNI global refs:
JNI global refs: 13, weak refs: 9

JNI global refs memory usage: 843, weak refs: 841

Process memory usage:
Resident Set Size: 525748K (6% of 8268664K total physical memory with 693504K free physical memory)

OOME stack traces (most recent first):
Classloader memory used:
Loader jdk.internal.loader.ClassLoaders$AppClassLoader                                 : 6321K
Loader bootstrap                                                                       : 1365K
Loader java.net.URLClassLoader                                                         : 23502B
Loader jdk.internal.reflect.DelegatingClassLoader                                      : 18797B
Loader jdk.internal.loader.ClassLoaders$PlatformClassLoader                            : 2276B


---------------  S Y S T E M  ---------------

OS:
 Windows 11 , 64 bit Build 22621 (10.0.22621.3958)
OS uptime: 30 days 21:39 hours

CPU: total 8 (initial active 8) (4 cores per cpu, 2 threads per core) family 6 model 142 stepping 10 microcode 0xe0, cx8, cmov, fxsr, ht, mmx, 3dnowpref, sse, sse2, sse3, ssse3, sse4.1, sse4.2, popcnt, lzcnt, tsc, tscinvbit, avx, avx2, aes, erms, clmul, bmi1, bmi2, adx, fma, vzeroupper, clflush, clflushopt
Processor Information for all 8 processors :
  Max Mhz: 1800, Current Mhz: 1600, Mhz Limit: 1584

Memory: 4k page, system-wide physical 8074M (674M free)
TotalPageFile size 32650M (AvailPageFile size 9M)
current process WorkingSet (physical memory assigned to process): 513M, peak: 513M
current process commit charge ("private bytes"): 569M, peak: 573M

vm_info: OpenJDK 64-Bit Server VM (17.0.11+0--11852314) for windows-amd64 JRE (17.0.11+0--11852314), built on May 16 2024 21:29:20 by "androidbuild" with MS VC++ 16.10 / 16.11 (VS2019)

END.
